#
# A fatal error has been detected by the Java Runtime Environment:
#
#  EXCEPTION_ACCESS_VIOLATION (0xc0000005) at pc=0x00007ffad381118b, pid=12944, tid=10112
#
# JRE version: OpenJDK Runtime Environment (15.0+36) (build 15+36-1562)
# Java VM: OpenJDK 64-Bit Server VM (15+36-1562, mixed mode, tiered, compressed oops, g1 gc, windows-amd64)
# Problematic frame:
# C  [NovelRT.Interop.dll+0x3118b]  NovelRT::Ecs::ComponentBufferMemoryContainer::ImmutableDataView::GetDataHandle+0xb
#
# No core dump will be written. Minidumps are not enabled by default on client versions of Windows
#
# If you would like to submit a bug report, please visit:
#   https://bugreport.java.com/bugreport/crash.jsp
# The crash happened outside the Java Virtual Machine in native code.
# See problematic frame for where to report the bug.
#

---------------  S U M M A R Y ------------

Command Line: -Djdk.module.main=novelrt.sample.kotlin -Djava.io.tmpdir=D:\Users\jeuxj\Documents\Source Projects Dev\NovelRT\src\NovelRT.Java\sample-kotlin\build\temp -Dfile.encoding=UTF-8 -Djava.rmi.server.hostname=localhost 

Host: AMD Ryzen 7 1700 Eight-Core Processor          , 16 cores, 31G,  Windows 10 , 64 bit Build 22526 (10.0.22526.1000)
Time: Sun Jan  9 22:29:14 2022 Paris, Madrid elapsed time: 0.529657 seconds (0d 0h 0m 0s)

---------------  T H R E A D  ---------------

Current thread (0x000001d3d8dcbac0):  JavaThread "main" [_thread_in_native, id=10112, stack(0x000000aa07800000,0x000000aa07900000)]

Stack: [0x000000aa07800000,0x000000aa07900000],  sp=0x000000aa078fedc0,  free space=1019k
Native frames: (J=compiled Java code, j=interpreted, Vv=VM code, C=native code)
C  [NovelRT.Interop.dll+0x3118b]  NovelRT::Ecs::ComponentBufferMemoryContainer::ImmutableDataView::GetDataHandle+0xb  (ComponentBufferMemoryContainer.h:42)
C  [NovelRT.Interop.dll+0x2fa84]  Nrt_ComponentBufferMemoryContainer_ImmutableDataView_GetDataHandle+0x14  (NrtComponentBufferMemoryContainer.cpp:165)
C  [NovelRT.JavaSupport.dll+0x278f2]

Java frames: (J=compiled Java code, j=interpreted, Vv=VM code)
j  com.github.novelrt.ecs.ComponentBufferMemoryContainer.retrieveComponent(JJI[B)I+0 novelrt
j  com.github.novelrt.ecs.ComponentBufferMemoryContainer.access$retrieveComponent(JJI[B)I+6 novelrt
j  com.github.novelrt.ecs.ComponentBufferMemoryContainer$Companion.retrieveComponent(JJI[B)I+6 novelrt
j  com.github.novelrt.ecs.ComponentBufferMemoryContainer$Companion.access$retrieveComponent(Lcom/github/novelrt/ecs/ComponentBufferMemoryContainer$Companion;JJI[B)I+7 novelrt
j  com.github.novelrt.ecs.ComponentBufferMemoryContainer.getComponent-WZ4Q5Ns(I)Ljava/lang/Object;+51 novelrt
j  com.github.novelrt.sample.kotlin.MainKt.main()V+96 novelrt.sample.kotlin
j  com.github.novelrt.sample.kotlin.MainKt.main([Ljava/lang/String;)V+0 novelrt.sample.kotlin
v  ~StubRoutines::call_stub

siginfo: EXCEPTION_ACCESS_VIOLATION (0xc0000005), reading address 0xffffffffffffffff


Register to memory mapping:

RIP=0x00007ffad381118b NovelRT.Interop.dll::NovelRT::Ecs::ComponentBufferMemoryContainer::ImmutableDataView::GetDataHandle + 0xb
RAX=0xcccccccccccccccc is an unknown value
RBX={method} {0x000001d3808213c0} 'retrieveComponent' '(JJI[B)I' in 'com/github/novelrt/ecs/ComponentBufferMemoryContainer'
RCX=0xcccccccccccccccc is an unknown value
RDX=0x0000000000000010 is an unknown value
RSP=0x000000aa078fedc0 is pointing into the stack for thread: 0x000001d3d8dcbac0
RBP=0x000000aa078fef10 is pointing into the stack for thread: 0x000001d3d8dcbac0
RSI=0x0 is NULL
RDI=0x000000aa078fee60 is pointing into the stack for thread: 0x000001d3d8dcbac0
R8 =0x0 is NULL
R9 =0x0000000000000001 is an unknown value
R10=0x0000000000010040 is an unknown value
R11=0x000000000010000b is an unknown value
R12=0x0 is NULL
R13=0x000001d3808213b0 is pointing into metadata
R14=0x000000aa078fef58 is pointing into the stack for thread: 0x000001d3d8dcbac0
R15=0x000001d3d8dcbac0 is a thread


Registers:
RAX=0xcccccccccccccccc, RBX=0x000001d3808213b8, RCX=0xcccccccccccccccc, RDX=0x0000000000000010
RSP=0x000000aa078fedc0, RBP=0x000000aa078fef10, RSI=0x0000000000000000, RDI=0x000000aa078fee60
R8 =0x0000000000000000, R9 =0x0000000000000001, R10=0x0000000000010040, R11=0x000000000010000b
R12=0x0000000000000000, R13=0x000001d3808213b0, R14=0x000000aa078fef58, R15=0x000001d3d8dcbac0
RIP=0x00007ffad381118b, EFLAGS=0x0000000000010202

Top of Stack: (sp=0x000000aa078fedc0)
0x000000aa078fedc0:   000000aa078fee60 00007ffad380fa84
0x000000aa078fedd0:   cccccccccccccccc 0000000000000000
0x000000aa078fede0:   00007ffa77174c20 000000aa078fee60
0x000000aa078fedf0:   000000aa078fee60 00007ffad41078f2
0x000000aa078fee00:   cccccccccccccccc 000000aa078fef30
0x000000aa078fee10:   0000000000000000 0000000000000000
0x000000aa078fee20:   000001d3d67caab0 cccccccccccccccc
0x000000aa078fee30:   cccccccccccccccc cccccccccccccccc
0x000000aa078fee40:   fffffff1cccccccc 0000000620d28d48
0x000000aa078fee50:   cccccccccccccccc cccccccccccccccc
0x000000aa078fee60:   0000000000000000 000001d3da9df137
0x000000aa078fee70:   000001d3d8dcbde8 000000aa078fef20
0x000000aa078fee80:   000001d3d67caab0 0000000000000001
0x000000aa078fee90:   0000000000000010 000000aa078fef30
0x000000aa078feea0:   000001d3808213b8 0000000000000000
0x000000aa078feeb0:   3ff0000000000000 000001d3d8dcbac0 

Instructions: (pc=0x00007ffad381118b)
0x00007ffad381108b:   c4 20 5f c3 cc cc cc cc cc cc cc cc cc cc cc cc
0x00007ffad381109b:   cc cc cc cc cc 48 89 54 24 10 48 89 4c 24 08 57
0x00007ffad38110ab:   48 83 ec 20 48 8b 44 24 38 48 8b 4c 24 30 48 8b
0x00007ffad38110bb:   d0 e8 14 02 fd ff 48 8b 44 24 30 48 83 c4 20 5f
0x00007ffad38110cb:   c3 cc cc cc cc cc cc cc cc cc cc cc cc cc cc cc
0x00007ffad38110db:   cc cc cc cc cc 89 54 24 10 48 89 4c 24 08 57 48
0x00007ffad38110eb:   83 ec 20 48 8b 4c 24 30 e8 68 26 fd ff 8b 44 24
0x00007ffad38110fb:   38 83 e0 01 85 c0 74 0f ba d8 00 00 00 48 8b 4c
0x00007ffad381110b:   24 30 e8 52 45 fd ff 48 8b 44 24 30 48 83 c4 20
0x00007ffad381111b:   5f c3 cc cc cc cc cc cc cc cc cc cc cc cc cc cc
0x00007ffad381112b:   cc cc cc cc cc 89 54 24 10 48 89 4c 24 08 57 48
0x00007ffad381113b:   83 ec 20 48 8b 4c 24 30 e8 3a 59 fd ff 8b 44 24
0x00007ffad381114b:   38 83 e0 01 85 c0 74 0f ba 50 00 00 00 48 8b 4c
0x00007ffad381115b:   24 30 e8 02 45 fd ff 48 8b 44 24 30 48 83 c4 20
0x00007ffad381116b:   5f c3 cc cc cc cc cc cc cc cc cc cc cc cc cc cc
0x00007ffad381117b:   cc cc cc cc cc 48 89 4c 24 08 57 48 8b 44 24 10
0x00007ffad381118b:   48 8b 00 5f c3 cc cc cc cc cc cc cc cc cc cc cc
0x00007ffad381119b:   cc cc cc cc cc 48 89 4c 24 08 57 48 83 ec 20 48
0x00007ffad38111ab:   8b 44 24 30 48 83 78 08 00 74 0e 48 8b 44 24 30
0x00007ffad38111bb:   48 8b 48 08 e8 b5 39 fd ff 48 83 c4 20 5f c3 cc
0x00007ffad38111cb:   cc cc cc cc cc cc cc cc cc cc cc cc cc cc cc cc
0x00007ffad38111db:   cc cc cc cc cc 48 89 4c 24 08 57 48 83 ec 30 48
0x00007ffad38111eb:   8b 4c 24 40 e8 7f 17 fd ff 48 85 c0 75 0a c7 44
0x00007ffad38111fb:   24 20 01 00 00 00 eb 08 c7 44 24 20 00 00 00 00
0x00007ffad381120b:   0f b6 44 24 20 48 83 c4 30 5f c3 cc cc cc cc cc
0x00007ffad381121b:   cc cc cc cc cc cc cc cc cc cc cc cc cc cc cc cc
0x00007ffad381122b:   cc cc cc cc cc 48 89 4c 24 08 57 48 8b 44 24 10
0x00007ffad381123b:   5f c3 cc cc cc 48 89 4c 24 08 57 48 8b 44 24 10
0x00007ffad381124b:   5f c3 cc cc cc 48 89 4c 24 08 57 48 8b 44 24 10
0x00007ffad381125b:   5f c3 cc cc cc 48 89 4c 24 08 57 48 8b 44 24 10
0x00007ffad381126b:   5f c3 cc cc cc 48 89 4c 24 08 57 48 8b 44 24 10
0x00007ffad381127b:   5f c3 cc cc cc 48 89 4c 24 08 57 48 83 ec 20 48 


Stack slot to memory mapping:
stack at sp + 0 slots: 0x000000aa078fee60 is pointing into the stack for thread: 0x000001d3d8dcbac0
stack at sp + 1 slots: 0x00007ffad380fa84 NovelRT.Interop.dll::Nrt_ComponentBufferMemoryContainer_ImmutableDataView_GetDataHandle + 0x14
stack at sp + 2 slots: 0xcccccccccccccccc is an unknown value
stack at sp + 3 slots: 0x0 is NULL
stack at sp + 4 slots: 0x00007ffa77174c20 jvm.dll
stack at sp + 5 slots: 0x000000aa078fee60 is pointing into the stack for thread: 0x000001d3d8dcbac0
stack at sp + 6 slots: 0x000000aa078fee60 is pointing into the stack for thread: 0x000001d3d8dcbac0
stack at sp + 7 slots: 0x00007ffad41078f2 NovelRT.JavaSupport.dll


---------------  P R O C E S S  ---------------

Threads class SMR info:
_java_thread_list=0x000001d380e18de0, length=12, elements={
0x000001d3d8dcbac0, 0x000001d380c50030, 0x000001d380c508f0, 0x000001d380c75530,
0x000001d380c672a0, 0x000001d380c6bb80, 0x000001d380c6c820, 0x000001d380c88b60,
0x000001d380c91c30, 0x000001d380db4200, 0x000001d380deb940, 0x000001d380e26ef0
}

Java Threads: ( => current thread )
=>0x000001d3d8dcbac0 JavaThread "main" [_thread_in_native, id=10112, stack(0x000000aa07800000,0x000000aa07900000)]
  0x000001d380c50030 JavaThread "Reference Handler" daemon [_thread_blocked, id=3660, stack(0x000000aa08200000,0x000000aa08300000)]
  0x000001d380c508f0 JavaThread "Finalizer" daemon [_thread_blocked, id=9160, stack(0x000000aa08300000,0x000000aa08400000)]
  0x000001d380c75530 JavaThread "Signal Dispatcher" daemon [_thread_blocked, id=4524, stack(0x000000aa08400000,0x000000aa08500000)]
  0x000001d380c672a0 JavaThread "Attach Listener" daemon [_thread_blocked, id=20492, stack(0x000000aa08500000,0x000000aa08600000)]
  0x000001d380c6bb80 JavaThread "Service Thread" daemon [_thread_blocked, id=1764, stack(0x000000aa08600000,0x000000aa08700000)]
  0x000001d380c6c820 JavaThread "C2 CompilerThread0" daemon [_thread_blocked, id=2552, stack(0x000000aa08700000,0x000000aa08800000)]
  0x000001d380c88b60 JavaThread "C1 CompilerThread0" daemon [_thread_blocked, id=10624, stack(0x000000aa08800000,0x000000aa08900000)]
  0x000001d380c91c30 JavaThread "Sweeper thread" daemon [_thread_blocked, id=12928, stack(0x000000aa08900000,0x000000aa08a00000)]
  0x000001d380db4200 JavaThread "Notification Thread" daemon [_thread_blocked, id=1052, stack(0x000000aa08a00000,0x000000aa08b00000)]
  0x000001d380deb940 JavaThread "Cleaner-0" daemon [_thread_blocked, id=20756, stack(0x000000aa08c00000,0x000000aa08d00000)]
  0x000001d380e26ef0 JavaThread "Common-Cleaner" daemon [_thread_blocked, id=15152, stack(0x000000aa08d00000,0x000000aa08e00000)]

Other Threads:
  0x000001d380c199c0 VMThread "VM Thread" [stack: 0x000000aa08100000,0x000000aa08200000] [id=24380]
  0x000001d380bb0d20 WatcherThread [stack: 0x000000aa08b00000,0x000000aa08c00000] [id=7688]
  0x000001d3fd2a88e0 GCTaskThread "GC Thread#0" [stack: 0x000000aa07c00000,0x000000aa07d00000] [id=3964]
  0x000001d3d8e3e040 ConcurrentGCThread "G1 Main Marker" [stack: 0x000000aa07d00000,0x000000aa07e00000] [id=12244]
  0x000001d3fd2ba1f0 ConcurrentGCThread "G1 Conc#0" [stack: 0x000000aa07e00000,0x000000aa07f00000] [id=14972]
  0x000001d3fd3a8d10 ConcurrentGCThread "G1 Refine#0" [stack: 0x000000aa07f00000,0x000000aa08000000] [id=18168]
  0x000001d3fd3a9720 ConcurrentGCThread "G1 Young RemSet Sampling" [stack: 0x000000aa08000000,0x000000aa08100000] [id=24452]

Threads with active compile tasks:

VM state: not at safepoint (normal execution)

VM Mutex/Monitor currently owned by a thread: None

Heap address: 0x0000000601000000, size: 8176 MB, Compressed Oops mode: Zero based, Oop shift amount: 3
CDS disabled.
Compressed class space mapped at: 0x0000000800000000-0x0000000840000000, size: 1073741824
Narrow klass base: 0x0000000800000000, Narrow klass shift: 0, Narrow klass range: 0x40000000

GC Precious Log:
 CPUs: 16 total, 16 available
 Memory: 32702M
 Large Page Support: Disabled
 NUMA Support: Disabled
 Compressed Oops: Enabled (Zero based)
 Heap Region Size: 4M
 Heap Min Capacity: 8M
 Heap Initial Capacity: 512M
 Heap Max Capacity: 8176M
 Pre-touch: Disabled
 Parallel Workers: 13
 Concurrent Workers: 3
 Concurrent Refinement Workers: 13
 Periodic GC: Disabled

Heap:
 garbage-first heap   total 524288K, used 0K [0x0000000601000000, 0x0000000800000000)
  region size 4096K, 1 young (4096K), 0 survivors (0K)
 Metaspace       used 5439K, capacity 5518K, committed 5632K, reserved 1056768K
  class space    used 424K, capacity 434K, committed 512K, reserved 1048576K

Heap Regions: E=young(eden), S=young(survivor), O=old, HS=humongous(starts), HC=humongous(continues), CS=collection set, F=free, OA=open archive, CA=closed archive, TAMS=top-at-mark-start (previous, next)
|   0|0x0000000601000000, 0x0000000601000000, 0x0000000601400000|  0%| F|  |TAMS 0x0000000601000000, 0x0000000601000000| Untracked 
|   1|0x0000000601400000, 0x0000000601400000, 0x0000000601800000|  0%| F|  |TAMS 0x0000000601400000, 0x0000000601400000| Untracked 
|   2|0x0000000601800000, 0x0000000601800000, 0x0000000601c00000|  0%| F|  |TAMS 0x0000000601800000, 0x0000000601800000| Untracked 
|   3|0x0000000601c00000, 0x0000000601c00000, 0x0000000602000000|  0%| F|  |TAMS 0x0000000601c00000, 0x0000000601c00000| Untracked 
|   4|0x0000000602000000, 0x0000000602000000, 0x0000000602400000|  0%| F|  |TAMS 0x0000000602000000, 0x0000000602000000| Untracked 
|   5|0x0000000602400000, 0x0000000602400000, 0x0000000602800000|  0%| F|  |TAMS 0x0000000602400000, 0x0000000602400000| Untracked 
|   6|0x0000000602800000, 0x0000000602800000, 0x0000000602c00000|  0%| F|  |TAMS 0x0000000602800000, 0x0000000602800000| Untracked 
|   7|0x0000000602c00000, 0x0000000602c00000, 0x0000000603000000|  0%| F|  |TAMS 0x0000000602c00000, 0x0000000602c00000| Untracked 
|   8|0x0000000603000000, 0x0000000603000000, 0x0000000603400000|  0%| F|  |TAMS 0x0000000603000000, 0x0000000603000000| Untracked 
|   9|0x0000000603400000, 0x0000000603400000, 0x0000000603800000|  0%| F|  |TAMS 0x0000000603400000, 0x0000000603400000| Untracked 
|  10|0x0000000603800000, 0x0000000603800000, 0x0000000603c00000|  0%| F|  |TAMS 0x0000000603800000, 0x0000000603800000| Untracked 
|  11|0x0000000603c00000, 0x0000000603c00000, 0x0000000604000000|  0%| F|  |TAMS 0x0000000603c00000, 0x0000000603c00000| Untracked 
|  12|0x0000000604000000, 0x0000000604000000, 0x0000000604400000|  0%| F|  |TAMS 0x0000000604000000, 0x0000000604000000| Untracked 
|  13|0x0000000604400000, 0x0000000604400000, 0x0000000604800000|  0%| F|  |TAMS 0x0000000604400000, 0x0000000604400000| Untracked 
|  14|0x0000000604800000, 0x0000000604800000, 0x0000000604c00000|  0%| F|  |TAMS 0x0000000604800000, 0x0000000604800000| Untracked 
|  15|0x0000000604c00000, 0x0000000604c00000, 0x0000000605000000|  0%| F|  |TAMS 0x0000000604c00000, 0x0000000604c00000| Untracked 
|  16|0x0000000605000000, 0x0000000605000000, 0x0000000605400000|  0%| F|  |TAMS 0x0000000605000000, 0x0000000605000000| Untracked 
|  17|0x0000000605400000, 0x0000000605400000, 0x0000000605800000|  0%| F|  |TAMS 0x0000000605400000, 0x0000000605400000| Untracked 
|  18|0x0000000605800000, 0x0000000605800000, 0x0000000605c00000|  0%| F|  |TAMS 0x0000000605800000, 0x0000000605800000| Untracked 
|  19|0x0000000605c00000, 0x0000000605c00000, 0x0000000606000000|  0%| F|  |TAMS 0x0000000605c00000, 0x0000000605c00000| Untracked 
|  20|0x0000000606000000, 0x0000000606000000, 0x0000000606400000|  0%| F|  |TAMS 0x0000000606000000, 0x0000000606000000| Untracked 
|  21|0x0000000606400000, 0x0000000606400000, 0x0000000606800000|  0%| F|  |TAMS 0x0000000606400000, 0x0000000606400000| Untracked 
|  22|0x0000000606800000, 0x0000000606800000, 0x0000000606c00000|  0%| F|  |TAMS 0x0000000606800000, 0x0000000606800000| Untracked 
|  23|0x0000000606c00000, 0x0000000606c00000, 0x0000000607000000|  0%| F|  |TAMS 0x0000000606c00000, 0x0000000606c00000| Untracked 
|  24|0x0000000607000000, 0x0000000607000000, 0x0000000607400000|  0%| F|  |TAMS 0x0000000607000000, 0x0000000607000000| Untracked 
|  25|0x0000000607400000, 0x0000000607400000, 0x0000000607800000|  0%| F|  |TAMS 0x0000000607400000, 0x0000000607400000| Untracked 
|  26|0x0000000607800000, 0x0000000607800000, 0x0000000607c00000|  0%| F|  |TAMS 0x0000000607800000, 0x0000000607800000| Untracked 
|  27|0x0000000607c00000, 0x0000000607c00000, 0x0000000608000000|  0%| F|  |TAMS 0x0000000607c00000, 0x0000000607c00000| Untracked 
|  28|0x0000000608000000, 0x0000000608000000, 0x0000000608400000|  0%| F|  |TAMS 0x0000000608000000, 0x0000000608000000| Untracked 
|  29|0x0000000608400000, 0x0000000608400000, 0x0000000608800000|  0%| F|  |TAMS 0x0000000608400000, 0x0000000608400000| Untracked 
|  30|0x0000000608800000, 0x0000000608800000, 0x0000000608c00000|  0%| F|  |TAMS 0x0000000608800000, 0x0000000608800000| Untracked 
|  31|0x0000000608c00000, 0x0000000608c00000, 0x0000000609000000|  0%| F|  |TAMS 0x0000000608c00000, 0x0000000608c00000| Untracked 
|  32|0x0000000609000000, 0x0000000609000000, 0x0000000609400000|  0%| F|  |TAMS 0x0000000609000000, 0x0000000609000000| Untracked 
|  33|0x0000000609400000, 0x0000000609400000, 0x0000000609800000|  0%| F|  |TAMS 0x0000000609400000, 0x0000000609400000| Untracked 
|  34|0x0000000609800000, 0x0000000609800000, 0x0000000609c00000|  0%| F|  |TAMS 0x0000000609800000, 0x0000000609800000| Untracked 
|  35|0x0000000609c00000, 0x0000000609c00000, 0x000000060a000000|  0%| F|  |TAMS 0x0000000609c00000, 0x0000000609c00000| Untracked 
|  36|0x000000060a000000, 0x000000060a000000, 0x000000060a400000|  0%| F|  |TAMS 0x000000060a000000, 0x000000060a000000| Untracked 
|  37|0x000000060a400000, 0x000000060a400000, 0x000000060a800000|  0%| F|  |TAMS 0x000000060a400000, 0x000000060a400000| Untracked 
|  38|0x000000060a800000, 0x000000060a800000, 0x000000060ac00000|  0%| F|  |TAMS 0x000000060a800000, 0x000000060a800000| Untracked 
|  39|0x000000060ac00000, 0x000000060ac00000, 0x000000060b000000|  0%| F|  |TAMS 0x000000060ac00000, 0x000000060ac00000| Untracked 
|  40|0x000000060b000000, 0x000000060b000000, 0x000000060b400000|  0%| F|  |TAMS 0x000000060b000000, 0x000000060b000000| Untracked 
|  41|0x000000060b400000, 0x000000060b400000, 0x000000060b800000|  0%| F|  |TAMS 0x000000060b400000, 0x000000060b400000| Untracked 
|  42|0x000000060b800000, 0x000000060b800000, 0x000000060bc00000|  0%| F|  |TAMS 0x000000060b800000, 0x000000060b800000| Untracked 
|  43|0x000000060bc00000, 0x000000060bc00000, 0x000000060c000000|  0%| F|  |TAMS 0x000000060bc00000, 0x000000060bc00000| Untracked 
|  44|0x000000060c000000, 0x000000060c000000, 0x000000060c400000|  0%| F|  |TAMS 0x000000060c000000, 0x000000060c000000| Untracked 
|  45|0x000000060c400000, 0x000000060c400000, 0x000000060c800000|  0%| F|  |TAMS 0x000000060c400000, 0x000000060c400000| Untracked 
|  46|0x000000060c800000, 0x000000060c800000, 0x000000060cc00000|  0%| F|  |TAMS 0x000000060c800000, 0x000000060c800000| Untracked 
|  47|0x000000060cc00000, 0x000000060cc00000, 0x000000060d000000|  0%| F|  |TAMS 0x000000060cc00000, 0x000000060cc00000| Untracked 
|  48|0x000000060d000000, 0x000000060d000000, 0x000000060d400000|  0%| F|  |TAMS 0x000000060d000000, 0x000000060d000000| Untracked 
|  49|0x000000060d400000, 0x000000060d400000, 0x000000060d800000|  0%| F|  |TAMS 0x000000060d400000, 0x000000060d400000| Untracked 
|  50|0x000000060d800000, 0x000000060d800000, 0x000000060dc00000|  0%| F|  |TAMS 0x000000060d800000, 0x000000060d800000| Untracked 
|  51|0x000000060dc00000, 0x000000060dc00000, 0x000000060e000000|  0%| F|  |TAMS 0x000000060dc00000, 0x000000060dc00000| Untracked 
|  52|0x000000060e000000, 0x000000060e000000, 0x000000060e400000|  0%| F|  |TAMS 0x000000060e000000, 0x000000060e000000| Untracked 
|  53|0x000000060e400000, 0x000000060e400000, 0x000000060e800000|  0%| F|  |TAMS 0x000000060e400000, 0x000000060e400000| Untracked 
|  54|0x000000060e800000, 0x000000060e800000, 0x000000060ec00000|  0%| F|  |TAMS 0x000000060e800000, 0x000000060e800000| Untracked 
|  55|0x000000060ec00000, 0x000000060ec00000, 0x000000060f000000|  0%| F|  |TAMS 0x000000060ec00000, 0x000000060ec00000| Untracked 
|  56|0x000000060f000000, 0x000000060f000000, 0x000000060f400000|  0%| F|  |TAMS 0x000000060f000000, 0x000000060f000000| Untracked 
|  57|0x000000060f400000, 0x000000060f400000, 0x000000060f800000|  0%| F|  |TAMS 0x000000060f400000, 0x000000060f400000| Untracked 
|  58|0x000000060f800000, 0x000000060f800000, 0x000000060fc00000|  0%| F|  |TAMS 0x000000060f800000, 0x000000060f800000| Untracked 
|  59|0x000000060fc00000, 0x000000060fc00000, 0x0000000610000000|  0%| F|  |TAMS 0x000000060fc00000, 0x000000060fc00000| Untracked 
|  60|0x0000000610000000, 0x0000000610000000, 0x0000000610400000|  0%| F|  |TAMS 0x0000000610000000, 0x0000000610000000| Untracked 
|  61|0x0000000610400000, 0x0000000610400000, 0x0000000610800000|  0%| F|  |TAMS 0x0000000610400000, 0x0000000610400000| Untracked 
|  62|0x0000000610800000, 0x0000000610800000, 0x0000000610c00000|  0%| F|  |TAMS 0x0000000610800000, 0x0000000610800000| Untracked 
|  63|0x0000000610c00000, 0x0000000610c00000, 0x0000000611000000|  0%| F|  |TAMS 0x0000000610c00000, 0x0000000610c00000| Untracked 
|  64|0x0000000611000000, 0x0000000611000000, 0x0000000611400000|  0%| F|  |TAMS 0x0000000611000000, 0x0000000611000000| Untracked 
|  65|0x0000000611400000, 0x0000000611400000, 0x0000000611800000|  0%| F|  |TAMS 0x0000000611400000, 0x0000000611400000| Untracked 
|  66|0x0000000611800000, 0x0000000611800000, 0x0000000611c00000|  0%| F|  |TAMS 0x0000000611800000, 0x0000000611800000| Untracked 
|  67|0x0000000611c00000, 0x0000000611c00000, 0x0000000612000000|  0%| F|  |TAMS 0x0000000611c00000, 0x0000000611c00000| Untracked 
|  68|0x0000000612000000, 0x0000000612000000, 0x0000000612400000|  0%| F|  |TAMS 0x0000000612000000, 0x0000000612000000| Untracked 
|  69|0x0000000612400000, 0x0000000612400000, 0x0000000612800000|  0%| F|  |TAMS 0x0000000612400000, 0x0000000612400000| Untracked 
|  70|0x0000000612800000, 0x0000000612800000, 0x0000000612c00000|  0%| F|  |TAMS 0x0000000612800000, 0x0000000612800000| Untracked 
|  71|0x0000000612c00000, 0x0000000612c00000, 0x0000000613000000|  0%| F|  |TAMS 0x0000000612c00000, 0x0000000612c00000| Untracked 
|  72|0x0000000613000000, 0x0000000613000000, 0x0000000613400000|  0%| F|  |TAMS 0x0000000613000000, 0x0000000613000000| Untracked 
|  73|0x0000000613400000, 0x0000000613400000, 0x0000000613800000|  0%| F|  |TAMS 0x0000000613400000, 0x0000000613400000| Untracked 
|  74|0x0000000613800000, 0x0000000613800000, 0x0000000613c00000|  0%| F|  |TAMS 0x0000000613800000, 0x0000000613800000| Untracked 
|  75|0x0000000613c00000, 0x0000000613c00000, 0x0000000614000000|  0%| F|  |TAMS 0x0000000613c00000, 0x0000000613c00000| Untracked 
|  76|0x0000000614000000, 0x0000000614000000, 0x0000000614400000|  0%| F|  |TAMS 0x0000000614000000, 0x0000000614000000| Untracked 
|  77|0x0000000614400000, 0x0000000614400000, 0x0000000614800000|  0%| F|  |TAMS 0x0000000614400000, 0x0000000614400000| Untracked 
|  78|0x0000000614800000, 0x0000000614800000, 0x0000000614c00000|  0%| F|  |TAMS 0x0000000614800000, 0x0000000614800000| Untracked 
|  79|0x0000000614c00000, 0x0000000614c00000, 0x0000000615000000|  0%| F|  |TAMS 0x0000000614c00000, 0x0000000614c00000| Untracked 
|  80|0x0000000615000000, 0x0000000615000000, 0x0000000615400000|  0%| F|  |TAMS 0x0000000615000000, 0x0000000615000000| Untracked 
|  81|0x0000000615400000, 0x0000000615400000, 0x0000000615800000|  0%| F|  |TAMS 0x0000000615400000, 0x0000000615400000| Untracked 
|  82|0x0000000615800000, 0x0000000615800000, 0x0000000615c00000|  0%| F|  |TAMS 0x0000000615800000, 0x0000000615800000| Untracked 
|  83|0x0000000615c00000, 0x0000000615c00000, 0x0000000616000000|  0%| F|  |TAMS 0x0000000615c00000, 0x0000000615c00000| Untracked 
|  84|0x0000000616000000, 0x0000000616000000, 0x0000000616400000|  0%| F|  |TAMS 0x0000000616000000, 0x0000000616000000| Untracked 
|  85|0x0000000616400000, 0x0000000616400000, 0x0000000616800000|  0%| F|  |TAMS 0x0000000616400000, 0x0000000616400000| Untracked 
|  86|0x0000000616800000, 0x0000000616800000, 0x0000000616c00000|  0%| F|  |TAMS 0x0000000616800000, 0x0000000616800000| Untracked 
|  87|0x0000000616c00000, 0x0000000616c00000, 0x0000000617000000|  0%| F|  |TAMS 0x0000000616c00000, 0x0000000616c00000| Untracked 
|  88|0x0000000617000000, 0x0000000617000000, 0x0000000617400000|  0%| F|  |TAMS 0x0000000617000000, 0x0000000617000000| Untracked 
|  89|0x0000000617400000, 0x0000000617400000, 0x0000000617800000|  0%| F|  |TAMS 0x0000000617400000, 0x0000000617400000| Untracked 
|  90|0x0000000617800000, 0x0000000617800000, 0x0000000617c00000|  0%| F|  |TAMS 0x0000000617800000, 0x0000000617800000| Untracked 
|  91|0x0000000617c00000, 0x0000000617c00000, 0x0000000618000000|  0%| F|  |TAMS 0x0000000617c00000, 0x0000000617c00000| Untracked 
|  92|0x0000000618000000, 0x0000000618000000, 0x0000000618400000|  0%| F|  |TAMS 0x0000000618000000, 0x0000000618000000| Untracked 
|  93|0x0000000618400000, 0x0000000618400000, 0x0000000618800000|  0%| F|  |TAMS 0x0000000618400000, 0x0000000618400000| Untracked 
|  94|0x0000000618800000, 0x0000000618800000, 0x0000000618c00000|  0%| F|  |TAMS 0x0000000618800000, 0x0000000618800000| Untracked 
|  95|0x0000000618c00000, 0x0000000618c00000, 0x0000000619000000|  0%| F|  |TAMS 0x0000000618c00000, 0x0000000618c00000| Untracked 
|  96|0x0000000619000000, 0x0000000619000000, 0x0000000619400000|  0%| F|  |TAMS 0x0000000619000000, 0x0000000619000000| Untracked 
|  97|0x0000000619400000, 0x0000000619400000, 0x0000000619800000|  0%| F|  |TAMS 0x0000000619400000, 0x0000000619400000| Untracked 
|  98|0x0000000619800000, 0x0000000619800000, 0x0000000619c00000|  0%| F|  |TAMS 0x0000000619800000, 0x0000000619800000| Untracked 
|  99|0x0000000619c00000, 0x0000000619c00000, 0x000000061a000000|  0%| F|  |TAMS 0x0000000619c00000, 0x0000000619c00000| Untracked 
| 100|0x000000061a000000, 0x000000061a000000, 0x000000061a400000|  0%| F|  |TAMS 0x000000061a000000, 0x000000061a000000| Untracked 
| 101|0x000000061a400000, 0x000000061a400000, 0x000000061a800000|  0%| F|  |TAMS 0x000000061a400000, 0x000000061a400000| Untracked 
| 102|0x000000061a800000, 0x000000061a800000, 0x000000061ac00000|  0%| F|  |TAMS 0x000000061a800000, 0x000000061a800000| Untracked 
| 103|0x000000061ac00000, 0x000000061ac00000, 0x000000061b000000|  0%| F|  |TAMS 0x000000061ac00000, 0x000000061ac00000| Untracked 
| 104|0x000000061b000000, 0x000000061b000000, 0x000000061b400000|  0%| F|  |TAMS 0x000000061b000000, 0x000000061b000000| Untracked 
| 105|0x000000061b400000, 0x000000061b400000, 0x000000061b800000|  0%| F|  |TAMS 0x000000061b400000, 0x000000061b400000| Untracked 
| 106|0x000000061b800000, 0x000000061b800000, 0x000000061bc00000|  0%| F|  |TAMS 0x000000061b800000, 0x000000061b800000| Untracked 
| 107|0x000000061bc00000, 0x000000061bc00000, 0x000000061c000000|  0%| F|  |TAMS 0x000000061bc00000, 0x000000061bc00000| Untracked 
| 108|0x000000061c000000, 0x000000061c000000, 0x000000061c400000|  0%| F|  |TAMS 0x000000061c000000, 0x000000061c000000| Untracked 
| 109|0x000000061c400000, 0x000000061c400000, 0x000000061c800000|  0%| F|  |TAMS 0x000000061c400000, 0x000000061c400000| Untracked 
| 110|0x000000061c800000, 0x000000061c800000, 0x000000061cc00000|  0%| F|  |TAMS 0x000000061c800000, 0x000000061c800000| Untracked 
| 111|0x000000061cc00000, 0x000000061cc00000, 0x000000061d000000|  0%| F|  |TAMS 0x000000061cc00000, 0x000000061cc00000| Untracked 
| 112|0x000000061d000000, 0x000000061d000000, 0x000000061d400000|  0%| F|  |TAMS 0x000000061d000000, 0x000000061d000000| Untracked 
| 113|0x000000061d400000, 0x000000061d400000, 0x000000061d800000|  0%| F|  |TAMS 0x000000061d400000, 0x000000061d400000| Untracked 
| 114|0x000000061d800000, 0x000000061d800000, 0x000000061dc00000|  0%| F|  |TAMS 0x000000061d800000, 0x000000061d800000| Untracked 
| 115|0x000000061dc00000, 0x000000061dc00000, 0x000000061e000000|  0%| F|  |TAMS 0x000000061dc00000, 0x000000061dc00000| Untracked 
| 116|0x000000061e000000, 0x000000061e000000, 0x000000061e400000|  0%| F|  |TAMS 0x000000061e000000, 0x000000061e000000| Untracked 
| 117|0x000000061e400000, 0x000000061e400000, 0x000000061e800000|  0%| F|  |TAMS 0x000000061e400000, 0x000000061e400000| Untracked 
| 118|0x000000061e800000, 0x000000061e800000, 0x000000061ec00000|  0%| F|  |TAMS 0x000000061e800000, 0x000000061e800000| Untracked 
| 119|0x000000061ec00000, 0x000000061ec00000, 0x000000061f000000|  0%| F|  |TAMS 0x000000061ec00000, 0x000000061ec00000| Untracked 
| 120|0x000000061f000000, 0x000000061f000000, 0x000000061f400000|  0%| F|  |TAMS 0x000000061f000000, 0x000000061f000000| Untracked 
| 121|0x000000061f400000, 0x000000061f400000, 0x000000061f800000|  0%| F|  |TAMS 0x000000061f400000, 0x000000061f400000| Untracked 
| 122|0x000000061f800000, 0x000000061f800000, 0x000000061fc00000|  0%| F|  |TAMS 0x000000061f800000, 0x000000061f800000| Untracked 
| 123|0x000000061fc00000, 0x000000061fc00000, 0x0000000620000000|  0%| F|  |TAMS 0x000000061fc00000, 0x000000061fc00000| Untracked 
| 124|0x0000000620000000, 0x0000000620000000, 0x0000000620400000|  0%| F|  |TAMS 0x0000000620000000, 0x0000000620000000| Untracked 
| 125|0x0000000620400000, 0x0000000620400000, 0x0000000620800000|  0%| F|  |TAMS 0x0000000620400000, 0x0000000620400000| Untracked 
| 126|0x0000000620800000, 0x0000000620800000, 0x0000000620c00000|  0%| F|  |TAMS 0x0000000620800000, 0x0000000620800000| Untracked 
| 127|0x0000000620c00000, 0x0000000620d70ad0, 0x0000000621000000| 36%| E|  |TAMS 0x0000000620c00000, 0x0000000620c00000| Complete 

Card table byte_map: [0x000001d3eb250000,0x000001d3ec250000] _byte_map_base: 0x000001d3e8248000

Marking Bits (Prev, Next): (CMBitMap*) 0x000001d3d8e3c700, (CMBitMap*) 0x000001d3d8e3c740
 Prev Bits: [0x000001d3ed250000, 0x000001d3f5210000)
 Next Bits: [0x000001d3f5210000, 0x000001d3fd1d0000)

Polling page: 0x000001d3d8320000

Metaspace:

Usage:
  Non-class:      4.96 MB capacity,     4.90 MB ( 99%) used,    68.05 KB (  1%) free+waste,     1.81 KB ( <1%) overhead. 
      Class:    434.00 KB capacity,   424.87 KB ( 98%) used,     8.32 KB (  2%) free+waste,   832 bytes ( <1%) overhead. 
       Both:      5.39 MB capacity,     5.31 MB ( 99%) used,    76.38 KB (  1%) free+waste,     2.62 KB ( <1%) overhead. 

Virtual space:
  Non-class space:        8.00 MB reserved,       5.00 MB ( 62%) committed 
      Class space:        1.00 GB reserved,     512.00 KB ( <1%) committed 
             Both:        1.01 GB reserved,       5.50 MB ( <1%) committed 

Chunk freelists:
   Non-Class:  36.00 KB
       Class:  14.00 KB
        Both:  50.00 KB

MaxMetaspaceSize: 17179869184.00 GB
CompressedClassSpaceSize: 1.00 GB

CodeHeap 'non-profiled nmethods': size=119168Kb used=33Kb max_used=33Kb free=119134Kb
 bounds [0x000001d3e2570000, 0x000001d3e27e0000, 0x000001d3e99d0000]
CodeHeap 'profiled nmethods': size=119104Kb used=170Kb max_used=170Kb free=118933Kb
 bounds [0x000001d3db120000, 0x000001d3db390000, 0x000001d3e2570000]
CodeHeap 'non-nmethods': size=7488Kb used=1114Kb max_used=1128Kb free=6374Kb
 bounds [0x000001d3da9d0000, 0x000001d3dac40000, 0x000001d3db120000]
 total_blobs=495 nmethods=140 adapters=268
 compilation: enabled
              stopped_count=0, restarted_count=0
 full_count=0

Compilation events (20 events):
Event: 0.122 Thread 0x000001d380c88b60 nmethod 128 0x000001d3db146990 code [0x000001d3db146b40, 0x000001d3db146d48]
Event: 0.122 Thread 0x000001d380c88b60  129       3       java.nio.MappedByteBuffer::position (6 bytes)
Event: 0.122 Thread 0x000001d380c88b60 nmethod 129 0x000001d3db146e90 code [0x000001d3db147040, 0x000001d3db147248]
Event: 0.122 Thread 0x000001d380c88b60  130       3       java.lang.CharacterDataLatin1::getProperties (11 bytes)
Event: 0.122 Thread 0x000001d380c88b60 nmethod 130 0x000001d3db147390 code [0x000001d3db147520, 0x000001d3db147658]
Event: 0.122 Thread 0x000001d380c88b60  131       1       java.security.CodeSource::getLocationNoFragString (5 bytes)
Event: 0.122 Thread 0x000001d380c88b60 nmethod 131 0x000001d3e2577d10 code [0x000001d3e2577ea0, 0x000001d3e2577f58]
Event: 0.123 Thread 0x000001d380c88b60  134       3       java.lang.invoke.MethodType::parameterType (7 bytes)
Event: 0.123 Thread 0x000001d380c88b60 nmethod 134 0x000001d3db147710 code [0x000001d3db1478a0, 0x000001d3db1479d8]
Event: 0.123 Thread 0x000001d380c88b60  135       3       java.lang.StringBuilder::<init> (7 bytes)
Event: 0.123 Thread 0x000001d380c88b60 nmethod 135 0x000001d3db147a90 code [0x000001d3db147c40, 0x000001d3db147d68]
Event: 0.123 Thread 0x000001d380c88b60  136       3       java.lang.StringLatin1::replace (198 bytes)
Event: 0.124 Thread 0x000001d380c6c820  138       4       java.lang.StringLatin1::hashCode (42 bytes)
Event: 0.124 Thread 0x000001d380c88b60 nmethod 136 0x000001d3db147e10 code [0x000001d3db148080, 0x000001d3db148dc8]
Event: 0.124 Thread 0x000001d380c88b60  137       3       java.lang.Class::getClassLoader (28 bytes)
Event: 0.124 Thread 0x000001d380c88b60 nmethod 137 0x000001d3db149290 code [0x000001d3db1494c0, 0x000001d3db149ef8]
Event: 0.124 Thread 0x000001d380c88b60  139       3       java.lang.Math::max (11 bytes)
Event: 0.125 Thread 0x000001d380c88b60 nmethod 139 0x000001d3db14a210 code [0x000001d3db14a3a0, 0x000001d3db14a4d8]
Event: 0.125 Thread 0x000001d380c88b60  140       3       java.lang.Class::getName (18 bytes)
Event: 0.125 Thread 0x000001d380c88b60 nmethod 140 0x000001d3db14a590 code [0x000001d3db14a740, 0x000001d3db14a8c8]

GC Heap History (0 events):
No events

Deoptimization events (0 events):
No events

Classes unloaded (0 events):
No events

Classes redefined (0 events):
No events

Internal exceptions (1 events):
Event: 0.095 Thread 0x000001d3d8dcbac0 Exception <a 'java/lang/NoSuchMethodError'{0x0000000620c61780}: 'void java.lang.invoke.DirectMethodHandle$Holder.invokeStatic(java.lang.Object, long)'> (0x0000000620c61780) 
thrown [./open/src/hotspot/share/interpreter/linkResolver.cpp, line 782]

Events (20 events):
Event: 0.105 loading class java/lang/invoke/LambdaFormEditor done
Event: 0.105 loading class java/lang/invoke/LambdaFormEditor$TransformKey
Event: 0.106 loading class java/lang/invoke/LambdaFormEditor$TransformKey done
Event: 0.106 loading class java/lang/invoke/LambdaFormBuffer
Event: 0.106 loading class java/lang/invoke/LambdaFormBuffer done
Event: 0.106 loading class java/lang/invoke/LambdaFormEditor$Transform
Event: 0.106 loading class java/lang/invoke/LambdaFormEditor$Transform done
Event: 0.106 loading class jdk/internal/ref/CleanerFactory
Event: 0.106 loading class jdk/internal/ref/CleanerFactory done
Event: 0.106 loading class jdk/internal/ref/CleanerFactory$1
Event: 0.106 loading class jdk/internal/ref/CleanerFactory$1 done
Event: 0.106 loading class jdk/internal/ref/CleanerFactory$1$1
Event: 0.106 loading class jdk/internal/ref/CleanerFactory$1$1 done
Event: 0.106 loading class jdk/internal/misc/InnocuousThread$2
Event: 0.107 loading class jdk/internal/misc/InnocuousThread$2 done
Event: 0.107 Thread 0x000001d380e26ef0 Thread added: 0x000001d380e26ef0
Event: 0.111 loading class java/lang/invoke/DirectMethodHandle$Constructor
Event: 0.111 loading class java/lang/invoke/DirectMethodHandle$Constructor done
Event: 0.116 loading class java/nio/DirectByteBuffer$Deallocator
Event: 0.116 loading class java/nio/DirectByteBuffer$Deallocator done


Dynamic libraries:
0x00007ff752960000 - 0x00007ff752a35000 	D:\Users\jeuxj\Documents\Source Projects Dev\NovelRT\src\NovelRT.Java\sample-kotlin\build\image\JavaBootstrapper.exe
0x00007ffb1f9c0000 - 0x00007ffb1fbcf000 	C:\WINDOWS\SYSTEM32\ntdll.dll
0x00007ffb1e3b0000 - 0x00007ffb1e46d000 	C:\WINDOWS\System32\KERNEL32.DLL
0x00007ffb1d000000 - 0x00007ffb1d38e000 	C:\WINDOWS\System32\KERNELBASE.dll
0x00007ffb1d700000 - 0x00007ffb1d811000 	C:\WINDOWS\System32\ucrtbase.dll
0x00007ffafdd10000 - 0x00007ffafdd9e000 	C:\WINDOWS\SYSTEM32\MSVCP140.dll
0x00007ffad37e0000 - 0x00007ffad39c2000 	D:\Users\jeuxj\Documents\Source Projects Dev\NovelRT\src\NovelRT.Java\sample-kotlin\build\image\NovelRT.Interop.dll
0x00007ffb0d6f0000 - 0x00007ffb0d70b000 	C:\WINDOWS\SYSTEM32\VCRUNTIME140.dll
0x00007ffa76dc0000 - 0x00007ffa7791c000 	D:\Users\jeuxj\Documents\Source Projects Dev\NovelRT\src\NovelRT.Java\sample-kotlin\build\image\bin\server\jvm.dll
0x00007ffafe320000 - 0x00007ffafe32c000 	C:\WINDOWS\SYSTEM32\VCRUNTIME140_1.dll
0x00007ffb1ed20000 - 0x00007ffb1eeca000 	C:\WINDOWS\System32\USER32.dll
0x00007ffb1d6d0000 - 0x00007ffb1d6f6000 	C:\WINDOWS\System32\win32u.dll
0x00007ffad87e0000 - 0x00007ffad881e000 	D:\Users\jeuxj\Documents\Source Projects Dev\NovelRT\src\NovelRT.Java\sample-kotlin\build\image\glfw3.dll
0x00007ffb1ef80000 - 0x00007ffb1efa9000 	C:\WINDOWS\System32\GDI32.dll
0x00007ffad31e0000 - 0x00007ffad37d4000 	D:\Users\jeuxj\Documents\Source Projects Dev\NovelRT\src\NovelRT.Java\sample-kotlin\build\image\NovelRT.dll
0x00007ffb1cee0000 - 0x00007ffb1cff7000 	C:\WINDOWS\System32\gdi32full.dll
0x00007ffb1d570000 - 0x00007ffb1d60a000 	C:\WINDOWS\System32\msvcp_win.dll
0x00007ffb1f130000 - 0x00007ffb1f8e8000 	C:\WINDOWS\System32\SHELL32.dll
0x00007ffb1eed0000 - 0x00007ffb1ef7e000 	C:\WINDOWS\System32\ADVAPI32.dll
0x00007ffb1d820000 - 0x00007ffb1d8c4000 	C:\WINDOWS\System32\msvcrt.dll
0x00007ffb1e550000 - 0x00007ffb1e5f2000 	C:\WINDOWS\System32\sechost.dll
0x00007ffadac70000 - 0x00007ffadac96000 	D:\Users\jeuxj\Documents\Source Projects Dev\NovelRT\src\NovelRT.Java\sample-kotlin\build\image\nethost.dll
0x00007ffb1e8c0000 - 0x00007ffb1e9df000 	C:\WINDOWS\System32\RPCRT4.dll
0x00007ffad4190000 - 0x00007ffad4254000 	D:\Users\jeuxj\Documents\Source Projects Dev\NovelRT\src\NovelRT.Java\sample-kotlin\build\image\freetype.dll
0x00007ffb1e390000 - 0x00007ffb1e398000 	C:\WINDOWS\System32\PSAPI.DLL
0x00007ffad1f70000 - 0x00007ffad20ae000 	D:\Users\jeuxj\Documents\Source Projects Dev\NovelRT\src\NovelRT.Java\sample-kotlin\build\image\OpenAL32.dll
0x00007ffac96c0000 - 0x00007ffac986f000 	D:\Users\jeuxj\Documents\Source Projects Dev\NovelRT\src\NovelRT.Java\sample-kotlin\build\image\sndfile.dll
0x00007ffad8450000 - 0x00007ffad8474000 	D:\Users\jeuxj\Documents\Source Projects Dev\NovelRT\src\NovelRT.Java\sample-kotlin\build\image\fmt.dll
0x00007ffb1e6e0000 - 0x00007ffb1e879000 	C:\WINDOWS\System32\ole32.dll
0x00007ffb1dfb0000 - 0x00007ffb1e32c000 	C:\WINDOWS\System32\combase.dll
0x00007ffad5210000 - 0x00007ffad5260000 	D:\Users\jeuxj\Documents\Source Projects Dev\NovelRT\src\NovelRT.Java\sample-kotlin\build\image\tbb12.dll
0x00007ffad4c50000 - 0x00007ffad4ca3000 	D:\Users\jeuxj\Documents\Source Projects Dev\NovelRT\src\NovelRT.Java\sample-kotlin\build\image\vulkan-1.dll
0x00007ffb14de0000 - 0x00007ffb14e14000 	C:\WINDOWS\SYSTEM32\WINMM.dll
0x00007ffaf9f20000 - 0x00007ffaf9f29000 	C:\WINDOWS\SYSTEM32\WSOCK32.dll
0x00007ffb11ea0000 - 0x00007ffb11eaa000 	C:\WINDOWS\SYSTEM32\VERSION.dll
0x00007ffb1eb50000 - 0x00007ffb1ebc1000 	C:\WINDOWS\System32\WS2_32.dll
0x00007ffb1ca80000 - 0x00007ffb1cacd000 	C:\WINDOWS\SYSTEM32\CFGMGR32.dll
0x00007ffb1e880000 - 0x00007ffb1e8b1000 	C:\WINDOWS\System32\IMM32.DLL
0x00007ffad7730000 - 0x00007ffad776c000 	D:\Users\jeuxj\Documents\Source Projects Dev\NovelRT\src\NovelRT.Java\sample-kotlin\build\image\tbbmalloc.dll
0x00007ffb1a610000 - 0x00007ffb1a705000 	C:\WINDOWS\system32\dxgi.dll
0x00007ffaeb1c0000 - 0x00007ffaeb1ca000 	D:\Users\jeuxj\Documents\Source Projects Dev\NovelRT\src\NovelRT.Java\sample-kotlin\build\image\bin\jimage.dll
0x00007ffb0c8e0000 - 0x00007ffb0cb06000 	C:\WINDOWS\SYSTEM32\DBGHELP.DLL
0x00007ffb1e600000 - 0x00007ffb1e6d7000 	C:\WINDOWS\System32\OLEAUT32.dll
0x00007ffafe6f0000 - 0x00007ffafe721000 	C:\WINDOWS\SYSTEM32\dbgcore.DLL
0x00007ffb1d390000 - 0x00007ffb1d40b000 	C:\WINDOWS\System32\bcryptPrimitives.dll
0x00007ffad7f70000 - 0x00007ffad7f95000 	D:\Users\jeuxj\Documents\Source Projects Dev\NovelRT\src\NovelRT.Java\sample-kotlin\build\image\bin\java.dll
0x00007ffb1beb0000 - 0x00007ffb1bec8000 	C:\WINDOWS\SYSTEM32\kernel.appcore.dll
0x00007ffb1aeb0000 - 0x00007ffb1b706000 	C:\WINDOWS\SYSTEM32\windows.storage.dll
0x00007ffb1ad70000 - 0x00007ffb1aeac000 	C:\WINDOWS\SYSTEM32\wintypes.dll
0x00007ffb1ea50000 - 0x00007ffb1eb41000 	C:\WINDOWS\System32\SHCORE.dll
0x00007ffb1e330000 - 0x00007ffb1e38b000 	C:\WINDOWS\System32\shlwapi.dll
0x00007ffb1cdb0000 - 0x00007ffb1cdd1000 	C:\WINDOWS\SYSTEM32\profapi.dll
0x00007ffad40e0000 - 0x00007ffad418f000 	D:\Users\jeuxj\Documents\Source Projects Dev\NovelRT\src\NovelRT.Java\sample-kotlin\build\image\NovelRT.JavaSupport.dll

dbghelp: loaded successfully - version: 4.0.5 - missing functions: none
symbol engine: initialized successfully - sym options: 0x614 - pdb path: .;D:\Users\jeuxj\Documents\Source Projects Dev\NovelRT\src\NovelRT.Java\sample-kotlin\build\image;C:\WINDOWS\SYSTEM32;D:\Users\jeuxj\Documents\Source Projects Dev\NovelRT\src\NovelRT.Java\sample-kotlin\build\image\bin\server;D:\Users\jeuxj\Documents\Source Projects Dev\NovelRT\src\NovelRT.Java\sample-kotlin\build\image\bin

VM Arguments:
jvm_args: -Djdk.module.main=novelrt.sample.kotlin -Djava.io.tmpdir=D:\Users\jeuxj\Documents\Source Projects Dev\NovelRT\src\NovelRT.Java\sample-kotlin\build\temp -Dfile.encoding=UTF-8 -Djava.rmi.server.hostname=localhost 
java_command: <unknown>
java_class_path (initial): <not set>
Launcher Type: generic

[Global flags]
     intx CICompilerCount                          = 12                                        {product} {ergonomic}
     uint ConcGCThreads                            = 3                                         {product} {ergonomic}
     uint G1ConcRefinementThreads                  = 13                                        {product} {ergonomic}
   size_t G1HeapRegionSize                         = 4194304                                   {product} {ergonomic}
    uintx GCDrainStackTargetSize                   = 64                                        {product} {ergonomic}
   size_t InitialHeapSize                          = 536870912                                 {product} {ergonomic}
   size_t MarkStackSize                            = 4194304                                   {product} {ergonomic}
   size_t MaxHeapSize                              = 8573157376                                {product} {ergonomic}
   size_t MaxNewSize                               = 5142216704                                {product} {ergonomic}
   size_t MinHeapDeltaBytes                        = 4194304                                   {product} {ergonomic}
   size_t MinHeapSize                              = 8388608                                   {product} {ergonomic}
    uintx NonNMethodCodeHeapSize                   = 7602480                                {pd product} {ergonomic}
    uintx NonProfiledCodeHeapSize                  = 122027880                              {pd product} {ergonomic}
    uintx ProfiledCodeHeapSize                     = 122027880                              {pd product} {ergonomic}
    uintx ReservedCodeCacheSize                    = 251658240                              {pd product} {ergonomic}
     bool SegmentedCodeCache                       = true                                      {product} {ergonomic}
   size_t SoftMaxHeapSize                          = 8573157376                             {manageable} {ergonomic}
     bool UseCompressedClassPointers               = true                                 {lp64_product} {ergonomic}
     bool UseCompressedOops                        = true                                 {lp64_product} {ergonomic}
     bool UseG1GC                                  = true                                      {product} {ergonomic}
     bool UseLargePagesIndividualAllocation        = false                                  {pd product} {ergonomic}

Logging:
Log output configuration:
 #0: stdout all=warning uptime,level,tags
 #1: stderr all=off uptime,level,tags

Environment Variables:
JAVA_HOME=C:\Program Files\Eclipse Adoptium\jdk-17.0.1.12-hotspot\
PATH=D:\Users\jeuxj\Documents\Source Projects Dev\NovelRT\src\NovelRT.Java\sample-kotlin\build\image\bin\server;D:\Users\jeuxj\Documents\Source Projects Dev\NovelRT\src\NovelRT.Java\sample-kotlin\build\image\bin;C:\Program Files\Eclipse Adoptium\jdk-17.0.1.12-hotspot\bin;D:\Users\jeuxj\Documents\SourceProjectDev\devkitPro\msys2\usr\bin;C:\Program Files (x86)\Common Files\Intel\Shared Libraries\redist\intel64\compiler;C:\Windows\System32;C:\Windows;C:\Windows\System32\wbem;C:\Windows\System32\WindowsPowerShell\v1.0\;C:\Program Files\Intel\WiFi\bin\;C:\Program Files\Common Files\Intel\WirelessCommon\;C:\Program Files (x86)\NVIDIA Corporation\PhysX\Common;C:\Windows\System32\OpenSSH\;C:\Program Files\Microsoft SQL Server\130\Tools\Binn\;D:\Program Files\Druide\Antidote 8\Programmes64\;D:\Program Files\Druide\Antidote 8\Programmes32\;C:\Program Files\NVIDIA Corporation\NVIDIA NvDLISR;D:\Program Files\PuTTY\;D:\Program Files\Microsoft VS Code\bin;C:\Program Files (x86)\Microsoft SQL Server\150\DTS\Binn\;C:\xampp\php;C:\ProgramData\ComposerSetup\bin;C:\Program Files\Java\jdk-16\bin;C:\Program Files (x86)\Common Files\Oracle\Java\javapath;C:\Program Files\CMake\bin;D:\Program Files (x86)\GnuPG\bin;D;C:\Program Files\nodejs\;D:\Program Files\Kubernetes\Minikube;C:\ProgramData\chocolatey\bin;C:\Program Files\Azure Data Studio\bin;D:\Program Files (x86)\dotnet-core-uninstall\;C:\WINDOWS\system32;C:\WINDOWS;C:\WINDOWS\System32\Wbem;C:\WINDOWS\System32\WindowsPowerShell\v1.0\;C:\WINDOWS\System32\OpenSSH\;D:\Program Files\Git\cmd;;C:\Program Files\Microsoft SQL Server\140\Tools\Binn\;C:\Program Files\Microsoft SQL Server\150\Tools\Binn\;C:\Program Files\dotnet\;C:\Program Files\Microsoft SQL Server\Client SDK\ODBC\170\Tools\Binn\;C:\WINDOWS\system32;C:\WINDOWS;C:\WINDOWS\System32\Wbem;C:\WINDOWS\System32\WindowsPowerShell\v1.0\;C:\WINDOWS\System32\OpenSSH\;C:\Program Files\Docker\Docker\resources\bin;C:\ProgramData\DockerDesktop\version-bin;C:\Users\jeuxj\AppData\Local\Microsoft\Wi
USERNAME=jeuxj
OS=Windows_NT
PROCESSOR_IDENTIFIER=AMD64 Family 23 Model 1 Stepping 1, AuthenticAMD



---------------  S Y S T E M  ---------------

OS:
 Windows 10 , 64 bit Build 22526 (10.0.22526.1000)
OS uptime: 0 days 11:45 hours
HyperV virtualization detected

CPU: total 16 (initial active 16) (16 cores per cpu, 2 threads per core) family 23 model 1 stepping 1, cmov, cx8, fxsr, mmx, sse, sse2, sse3, ssse3, sse4.1, sse4.2, popcnt, vzeroupper, avx, avx2, aes, clmul, 3dnowpref, lzcnt, sse4a, ht, tsc, tscinvbit, tscinv, bmi1, bmi2, adx, sha, fma, clflush, clflushopt

Memory: 4k page, system-wide physical 32702M (15064M free)
TotalPageFile size 40126M (AvailPageFile size 16265M)
current process WorkingSet (physical memory assigned to process): 43M, peak: 43M
current process commit charge ("private bytes"): 626M, peak: 626M

vm_info: OpenJDK 64-Bit Server VM (15+36-1562) for windows-amd64 JRE (15+36-1562), built on Aug 11 2020 22:33:04 by "mach5one" with unknown MS VC++:1925

END.
