#
# A fatal error has been detected by the Java Runtime Environment:
#
#  EXCEPTION_ACCESS_VIOLATION (0xc0000005) at pc=0x00007ffad45d118b, pid=16576, tid=17480
#
# JRE version: OpenJDK Runtime Environment (15.0+36) (build 15+36-1562)
# Java VM: OpenJDK 64-Bit Server VM (15+36-1562, mixed mode, tiered, compressed oops, g1 gc, windows-amd64)
# Problematic frame:
# C  [NovelRT.Interop.dll+0x3118b]  NovelRT::Ecs::ComponentBufferMemoryContainer::ImmutableDataView::GetDataHandle+0xb
#
# No core dump will be written. Minidumps are not enabled by default on client versions of Windows
#
# If you would like to submit a bug report, please visit:
#   https://bugreport.java.com/bugreport/crash.jsp
# The crash happened outside the Java Virtual Machine in native code.
# See problematic frame for where to report the bug.
#

---------------  S U M M A R Y ------------

Command Line: -Djdk.module.main=novelrt.sample.kotlin -Djava.io.tmpdir=D:\Users\jeuxj\Documents\Source Projects Dev\NovelRT\src\NovelRT.Java\sample-kotlin\build\temp -Dfile.encoding=UTF-8 -Djava.rmi.server.hostname=localhost 

Host: AMD Ryzen 7 1700 Eight-Core Processor          , 16 cores, 31G,  Windows 10 , 64 bit Build 22526 (10.0.22526.1000)
Time: Sun Jan  9 22:34:12 2022 Paris, Madrid elapsed time: 80.450334 seconds (0d 0h 1m 20s)

---------------  T H R E A D  ---------------

Current thread (0x000001d031dee4b0):  JavaThread "main" [_thread_in_native, id=17480, stack(0x00000064f3800000,0x00000064f3900000)]

Stack: [0x00000064f3800000,0x00000064f3900000],  sp=0x00000064f38fecf0,  free space=1019k
Native frames: (J=compiled Java code, j=interpreted, Vv=VM code, C=native code)
C  [NovelRT.Interop.dll+0x3118b]  NovelRT::Ecs::ComponentBufferMemoryContainer::ImmutableDataView::GetDataHandle+0xb  (ComponentBufferMemoryContainer.h:42)
C  [NovelRT.Interop.dll+0x2fa84]  Nrt_ComponentBufferMemoryContainer_ImmutableDataView_GetDataHandle+0x14  (NrtComponentBufferMemoryContainer.cpp:165)
C  [NovelRT.JavaSupport.dll+0x278f2]

Java frames: (J=compiled Java code, j=interpreted, Vv=VM code)
j  com.github.novelrt.ecs.ComponentBufferMemoryContainer.retrieveComponent(JJI[B)I+0 novelrt
j  com.github.novelrt.ecs.ComponentBufferMemoryContainer.access$retrieveComponent(JJI[B)I+6 novelrt
j  com.github.novelrt.ecs.ComponentBufferMemoryContainer$Companion.retrieveComponent(JJI[B)I+6 novelrt
j  com.github.novelrt.ecs.ComponentBufferMemoryContainer$Companion.access$retrieveComponent(Lcom/github/novelrt/ecs/ComponentBufferMemoryContainer$Companion;JJI[B)I+7 novelrt
j  com.github.novelrt.ecs.ComponentBufferMemoryContainer.getComponent-WZ4Q5Ns(I)Ljava/lang/Object;+51 novelrt
j  com.github.novelrt.sample.kotlin.MainKt.main()V+148 novelrt.sample.kotlin
j  com.github.novelrt.sample.kotlin.MainKt.main([Ljava/lang/String;)V+0 novelrt.sample.kotlin
v  ~StubRoutines::call_stub

siginfo: EXCEPTION_ACCESS_VIOLATION (0xc0000005), reading address 0xffffffffffffffff


Register to memory mapping:

RIP=0x00007ffad45d118b NovelRT.Interop.dll::NovelRT::Ecs::ComponentBufferMemoryContainer::ImmutableDataView::GetDataHandle + 0xb
RAX=0xcccccccccccccccc is an unknown value
RBX={method} {0x000001d0597d13c0} 'retrieveComponent' '(JJI[B)I' in 'com/github/novelrt/ecs/ComponentBufferMemoryContainer'
RCX=0xcccccccccccccccc is an unknown value
RDX=0x0000000000000010 is an unknown value
RSP=0x00000064f38fecf0 is pointing into the stack for thread: 0x000001d031dee4b0
RBP=0x00000064f38fee40 is pointing into the stack for thread: 0x000001d031dee4b0
RSI=0x0 is NULL
RDI=0x00000064f38fed90 is pointing into the stack for thread: 0x000001d031dee4b0
R8 =0x0 is NULL
R9 =0x0000000000000001 is an unknown value
R10=0x0000000000010040 is an unknown value
R11=0x000000000010000b is an unknown value
R12=0x0 is NULL
R13=0x000001d0597d13b0 is pointing into metadata
R14=0x00000064f38fee88 is pointing into the stack for thread: 0x000001d031dee4b0
R15=0x000001d031dee4b0 is a thread


Registers:
RAX=0xcccccccccccccccc, RBX=0x000001d0597d13b8, RCX=0xcccccccccccccccc, RDX=0x0000000000000010
RSP=0x00000064f38fecf0, RBP=0x00000064f38fee40, RSI=0x0000000000000000, RDI=0x00000064f38fed90
R8 =0x0000000000000000, R9 =0x0000000000000001, R10=0x0000000000010040, R11=0x000000000010000b
R12=0x0000000000000000, R13=0x000001d0597d13b0, R14=0x00000064f38fee88, R15=0x000001d031dee4b0
RIP=0x00007ffad45d118b, EFLAGS=0x0000000000010206

Top of Stack: (sp=0x00000064f38fecf0)
0x00000064f38fecf0:   00000064f38fed90 00007ffad45cfa84
0x00000064f38fed00:   cccccccccccccccc 0000000000000000
0x00000064f38fed10:   00007ffa7bf84c20 00000064f38fed90
0x00000064f38fed20:   00000064f38fed90 00007ffad0c878f2
0x00000064f38fed30:   cccccccccccccccc 00000064f38fee60
0x00000064f38fed40:   0000000000000000 0000000000000000
0x00000064f38fed50:   000001d02f7d85a0 cccccccccccccccc
0x00000064f38fed60:   cccccccccccccccc cccccccccccccccc
0x00000064f38fed70:   fffffff1cccccccc 0000000620d4ecf0
0x00000064f38fed80:   cccccccccccccccc cccccccccccccccc
0x00000064f38fed90:   0000000000000000 000001d0339ff137
0x00000064f38feda0:   000001d031dee7d8 00000064f38fee50
0x00000064f38fedb0:   000001d02f7d85a0 0000000000000001
0x00000064f38fedc0:   0000000000000010 00000064f38fee60
0x00000064f38fedd0:   000001d0597d13b8 0000000000000000
0x00000064f38fede0:   3ff0000000000000 000001d031dee4b0 

Instructions: (pc=0x00007ffad45d118b)
0x00007ffad45d108b:   c4 20 5f c3 cc cc cc cc cc cc cc cc cc cc cc cc
0x00007ffad45d109b:   cc cc cc cc cc 48 89 54 24 10 48 89 4c 24 08 57
0x00007ffad45d10ab:   48 83 ec 20 48 8b 44 24 38 48 8b 4c 24 30 48 8b
0x00007ffad45d10bb:   d0 e8 14 02 fd ff 48 8b 44 24 30 48 83 c4 20 5f
0x00007ffad45d10cb:   c3 cc cc cc cc cc cc cc cc cc cc cc cc cc cc cc
0x00007ffad45d10db:   cc cc cc cc cc 89 54 24 10 48 89 4c 24 08 57 48
0x00007ffad45d10eb:   83 ec 20 48 8b 4c 24 30 e8 68 26 fd ff 8b 44 24
0x00007ffad45d10fb:   38 83 e0 01 85 c0 74 0f ba d8 00 00 00 48 8b 4c
0x00007ffad45d110b:   24 30 e8 52 45 fd ff 48 8b 44 24 30 48 83 c4 20
0x00007ffad45d111b:   5f c3 cc cc cc cc cc cc cc cc cc cc cc cc cc cc
0x00007ffad45d112b:   cc cc cc cc cc 89 54 24 10 48 89 4c 24 08 57 48
0x00007ffad45d113b:   83 ec 20 48 8b 4c 24 30 e8 3a 59 fd ff 8b 44 24
0x00007ffad45d114b:   38 83 e0 01 85 c0 74 0f ba 50 00 00 00 48 8b 4c
0x00007ffad45d115b:   24 30 e8 02 45 fd ff 48 8b 44 24 30 48 83 c4 20
0x00007ffad45d116b:   5f c3 cc cc cc cc cc cc cc cc cc cc cc cc cc cc
0x00007ffad45d117b:   cc cc cc cc cc 48 89 4c 24 08 57 48 8b 44 24 10
0x00007ffad45d118b:   48 8b 00 5f c3 cc cc cc cc cc cc cc cc cc cc cc
0x00007ffad45d119b:   cc cc cc cc cc 48 89 4c 24 08 57 48 83 ec 20 48
0x00007ffad45d11ab:   8b 44 24 30 48 83 78 08 00 74 0e 48 8b 44 24 30
0x00007ffad45d11bb:   48 8b 48 08 e8 b5 39 fd ff 48 83 c4 20 5f c3 cc
0x00007ffad45d11cb:   cc cc cc cc cc cc cc cc cc cc cc cc cc cc cc cc
0x00007ffad45d11db:   cc cc cc cc cc 48 89 4c 24 08 57 48 83 ec 30 48
0x00007ffad45d11eb:   8b 4c 24 40 e8 7f 17 fd ff 48 85 c0 75 0a c7 44
0x00007ffad45d11fb:   24 20 01 00 00 00 eb 08 c7 44 24 20 00 00 00 00
0x00007ffad45d120b:   0f b6 44 24 20 48 83 c4 30 5f c3 cc cc cc cc cc
0x00007ffad45d121b:   cc cc cc cc cc cc cc cc cc cc cc cc cc cc cc cc
0x00007ffad45d122b:   cc cc cc cc cc 48 89 4c 24 08 57 48 8b 44 24 10
0x00007ffad45d123b:   5f c3 cc cc cc 48 89 4c 24 08 57 48 8b 44 24 10
0x00007ffad45d124b:   5f c3 cc cc cc 48 89 4c 24 08 57 48 8b 44 24 10
0x00007ffad45d125b:   5f c3 cc cc cc 48 89 4c 24 08 57 48 8b 44 24 10
0x00007ffad45d126b:   5f c3 cc cc cc 48 89 4c 24 08 57 48 8b 44 24 10
0x00007ffad45d127b:   5f c3 cc cc cc 48 89 4c 24 08 57 48 83 ec 20 48 


Stack slot to memory mapping:
stack at sp + 0 slots: 0x00000064f38fed90 is pointing into the stack for thread: 0x000001d031dee4b0
stack at sp + 1 slots: 0x00007ffad45cfa84 NovelRT.Interop.dll::Nrt_ComponentBufferMemoryContainer_ImmutableDataView_GetDataHandle + 0x14
stack at sp + 2 slots: 0xcccccccccccccccc is an unknown value
stack at sp + 3 slots: 0x0 is NULL
stack at sp + 4 slots: 0x00007ffa7bf84c20 jvm.dll
stack at sp + 5 slots: 0x00000064f38fed90 is pointing into the stack for thread: 0x000001d031dee4b0
stack at sp + 6 slots: 0x00000064f38fed90 is pointing into the stack for thread: 0x000001d031dee4b0
stack at sp + 7 slots: 0x00007ffad0c878f2 NovelRT.JavaSupport.dll


---------------  P R O C E S S  ---------------

Threads class SMR info:
_java_thread_list=0x000001d059d88e40, length=12, elements={
0x000001d031dee4b0, 0x000001d059bcb140, 0x000001d059ba8ce0, 0x000001d059bed2b0,
0x000001d0564bc280, 0x000001d0564be760, 0x000001d059bdfc60, 0x000001d059bedf60,
0x000001d059bf87e0, 0x000001d059d4c570, 0x000001d059d4c0a0, 0x000001d059d4b700
}

Java Threads: ( => current thread )
=>0x000001d031dee4b0 JavaThread "main" [_thread_in_native, id=17480, stack(0x00000064f3800000,0x00000064f3900000)]
  0x000001d059bcb140 JavaThread "Reference Handler" daemon [_thread_blocked, id=23752, stack(0x00000064f4200000,0x00000064f4300000)]
  0x000001d059ba8ce0 JavaThread "Finalizer" daemon [_thread_blocked, id=22944, stack(0x00000064f4300000,0x00000064f4400000)]
  0x000001d059bed2b0 JavaThread "Signal Dispatcher" daemon [_thread_blocked, id=2636, stack(0x00000064f4400000,0x00000064f4500000)]
  0x000001d0564bc280 JavaThread "Attach Listener" daemon [_thread_blocked, id=24272, stack(0x00000064f4500000,0x00000064f4600000)]
  0x000001d0564be760 JavaThread "Service Thread" daemon [_thread_blocked, id=12944, stack(0x00000064f4600000,0x00000064f4700000)]
  0x000001d059bdfc60 JavaThread "C2 CompilerThread0" daemon [_thread_blocked, id=14460, stack(0x00000064f4700000,0x00000064f4800000)]
  0x000001d059bedf60 JavaThread "C1 CompilerThread0" daemon [_thread_blocked, id=7984, stack(0x00000064f4800000,0x00000064f4900000)]
  0x000001d059bf87e0 JavaThread "Sweeper thread" daemon [_thread_blocked, id=10964, stack(0x00000064f4900000,0x00000064f4a00000)]
  0x000001d059d4c570 JavaThread "Notification Thread" daemon [_thread_blocked, id=10680, stack(0x00000064f4a00000,0x00000064f4b00000)]
  0x000001d059d4c0a0 JavaThread "Common-Cleaner" daemon [_thread_blocked, id=13140, stack(0x00000064f4c00000,0x00000064f4d00000)]
  0x000001d059d4b700 JavaThread "Cleaner-0" daemon [_thread_blocked, id=8088, stack(0x00000064f4d00000,0x00000064f4e00000)]

Other Threads:
  0x000001d059b94060 VMThread "VM Thread" [stack: 0x00000064f4100000,0x00000064f4200000] [id=3344]
  0x000001d059d50b90 WatcherThread [stack: 0x00000064f4b00000,0x00000064f4c00000] [id=16732]
  0x000001d0562cc8d0 GCTaskThread "GC Thread#0" [stack: 0x00000064f3c00000,0x00000064f3d00000] [id=23956]
  0x000001d0562dde80 ConcurrentGCThread "G1 Main Marker" [stack: 0x00000064f3d00000,0x00000064f3e00000] [id=24384]
  0x000001d0562def80 ConcurrentGCThread "G1 Conc#0" [stack: 0x00000064f3e00000,0x00000064f3f00000] [id=23384]
  0x000001d0563df3e0 ConcurrentGCThread "G1 Refine#0" [stack: 0x00000064f3f00000,0x00000064f4000000] [id=24092]
  0x000001d0563dfb30 ConcurrentGCThread "G1 Young RemSet Sampling" [stack: 0x00000064f4000000,0x00000064f4100000] [id=11824]

Threads with active compile tasks:

VM state: not at safepoint (normal execution)

VM Mutex/Monitor currently owned by a thread: None

Heap address: 0x0000000601000000, size: 8176 MB, Compressed Oops mode: Zero based, Oop shift amount: 3
CDS disabled.
Compressed class space mapped at: 0x0000000800000000-0x0000000840000000, size: 1073741824
Narrow klass base: 0x0000000800000000, Narrow klass shift: 0, Narrow klass range: 0x40000000

GC Precious Log:
 CPUs: 16 total, 16 available
 Memory: 32702M
 Large Page Support: Disabled
 NUMA Support: Disabled
 Compressed Oops: Enabled (Zero based)
 Heap Region Size: 4M
 Heap Min Capacity: 8M
 Heap Initial Capacity: 512M
 Heap Max Capacity: 8176M
 Pre-touch: Disabled
 Parallel Workers: 13
 Concurrent Workers: 3
 Concurrent Refinement Workers: 13
 Periodic GC: Disabled

Heap:
 garbage-first heap   total 524288K, used 0K [0x0000000601000000, 0x0000000800000000)
  region size 4096K, 1 young (4096K), 0 survivors (0K)
 Metaspace       used 5759K, capacity 5896K, committed 6144K, reserved 1056768K
  class space    used 461K, capacity 500K, committed 512K, reserved 1048576K

Heap Regions: E=young(eden), S=young(survivor), O=old, HS=humongous(starts), HC=humongous(continues), CS=collection set, F=free, OA=open archive, CA=closed archive, TAMS=top-at-mark-start (previous, next)
|   0|0x0000000601000000, 0x0000000601000000, 0x0000000601400000|  0%| F|  |TAMS 0x0000000601000000, 0x0000000601000000| Untracked 
|   1|0x0000000601400000, 0x0000000601400000, 0x0000000601800000|  0%| F|  |TAMS 0x0000000601400000, 0x0000000601400000| Untracked 
|   2|0x0000000601800000, 0x0000000601800000, 0x0000000601c00000|  0%| F|  |TAMS 0x0000000601800000, 0x0000000601800000| Untracked 
|   3|0x0000000601c00000, 0x0000000601c00000, 0x0000000602000000|  0%| F|  |TAMS 0x0000000601c00000, 0x0000000601c00000| Untracked 
|   4|0x0000000602000000, 0x0000000602000000, 0x0000000602400000|  0%| F|  |TAMS 0x0000000602000000, 0x0000000602000000| Untracked 
|   5|0x0000000602400000, 0x0000000602400000, 0x0000000602800000|  0%| F|  |TAMS 0x0000000602400000, 0x0000000602400000| Untracked 
|   6|0x0000000602800000, 0x0000000602800000, 0x0000000602c00000|  0%| F|  |TAMS 0x0000000602800000, 0x0000000602800000| Untracked 
|   7|0x0000000602c00000, 0x0000000602c00000, 0x0000000603000000|  0%| F|  |TAMS 0x0000000602c00000, 0x0000000602c00000| Untracked 
|   8|0x0000000603000000, 0x0000000603000000, 0x0000000603400000|  0%| F|  |TAMS 0x0000000603000000, 0x0000000603000000| Untracked 
|   9|0x0000000603400000, 0x0000000603400000, 0x0000000603800000|  0%| F|  |TAMS 0x0000000603400000, 0x0000000603400000| Untracked 
|  10|0x0000000603800000, 0x0000000603800000, 0x0000000603c00000|  0%| F|  |TAMS 0x0000000603800000, 0x0000000603800000| Untracked 
|  11|0x0000000603c00000, 0x0000000603c00000, 0x0000000604000000|  0%| F|  |TAMS 0x0000000603c00000, 0x0000000603c00000| Untracked 
|  12|0x0000000604000000, 0x0000000604000000, 0x0000000604400000|  0%| F|  |TAMS 0x0000000604000000, 0x0000000604000000| Untracked 
|  13|0x0000000604400000, 0x0000000604400000, 0x0000000604800000|  0%| F|  |TAMS 0x0000000604400000, 0x0000000604400000| Untracked 
|  14|0x0000000604800000, 0x0000000604800000, 0x0000000604c00000|  0%| F|  |TAMS 0x0000000604800000, 0x0000000604800000| Untracked 
|  15|0x0000000604c00000, 0x0000000604c00000, 0x0000000605000000|  0%| F|  |TAMS 0x0000000604c00000, 0x0000000604c00000| Untracked 
|  16|0x0000000605000000, 0x0000000605000000, 0x0000000605400000|  0%| F|  |TAMS 0x0000000605000000, 0x0000000605000000| Untracked 
|  17|0x0000000605400000, 0x0000000605400000, 0x0000000605800000|  0%| F|  |TAMS 0x0000000605400000, 0x0000000605400000| Untracked 
|  18|0x0000000605800000, 0x0000000605800000, 0x0000000605c00000|  0%| F|  |TAMS 0x0000000605800000, 0x0000000605800000| Untracked 
|  19|0x0000000605c00000, 0x0000000605c00000, 0x0000000606000000|  0%| F|  |TAMS 0x0000000605c00000, 0x0000000605c00000| Untracked 
|  20|0x0000000606000000, 0x0000000606000000, 0x0000000606400000|  0%| F|  |TAMS 0x0000000606000000, 0x0000000606000000| Untracked 
|  21|0x0000000606400000, 0x0000000606400000, 0x0000000606800000|  0%| F|  |TAMS 0x0000000606400000, 0x0000000606400000| Untracked 
|  22|0x0000000606800000, 0x0000000606800000, 0x0000000606c00000|  0%| F|  |TAMS 0x0000000606800000, 0x0000000606800000| Untracked 
|  23|0x0000000606c00000, 0x0000000606c00000, 0x0000000607000000|  0%| F|  |TAMS 0x0000000606c00000, 0x0000000606c00000| Untracked 
|  24|0x0000000607000000, 0x0000000607000000, 0x0000000607400000|  0%| F|  |TAMS 0x0000000607000000, 0x0000000607000000| Untracked 
|  25|0x0000000607400000, 0x0000000607400000, 0x0000000607800000|  0%| F|  |TAMS 0x0000000607400000, 0x0000000607400000| Untracked 
|  26|0x0000000607800000, 0x0000000607800000, 0x0000000607c00000|  0%| F|  |TAMS 0x0000000607800000, 0x0000000607800000| Untracked 
|  27|0x0000000607c00000, 0x0000000607c00000, 0x0000000608000000|  0%| F|  |TAMS 0x0000000607c00000, 0x0000000607c00000| Untracked 
|  28|0x0000000608000000, 0x0000000608000000, 0x0000000608400000|  0%| F|  |TAMS 0x0000000608000000, 0x0000000608000000| Untracked 
|  29|0x0000000608400000, 0x0000000608400000, 0x0000000608800000|  0%| F|  |TAMS 0x0000000608400000, 0x0000000608400000| Untracked 
|  30|0x0000000608800000, 0x0000000608800000, 0x0000000608c00000|  0%| F|  |TAMS 0x0000000608800000, 0x0000000608800000| Untracked 
|  31|0x0000000608c00000, 0x0000000608c00000, 0x0000000609000000|  0%| F|  |TAMS 0x0000000608c00000, 0x0000000608c00000| Untracked 
|  32|0x0000000609000000, 0x0000000609000000, 0x0000000609400000|  0%| F|  |TAMS 0x0000000609000000, 0x0000000609000000| Untracked 
|  33|0x0000000609400000, 0x0000000609400000, 0x0000000609800000|  0%| F|  |TAMS 0x0000000609400000, 0x0000000609400000| Untracked 
|  34|0x0000000609800000, 0x0000000609800000, 0x0000000609c00000|  0%| F|  |TAMS 0x0000000609800000, 0x0000000609800000| Untracked 
|  35|0x0000000609c00000, 0x0000000609c00000, 0x000000060a000000|  0%| F|  |TAMS 0x0000000609c00000, 0x0000000609c00000| Untracked 
|  36|0x000000060a000000, 0x000000060a000000, 0x000000060a400000|  0%| F|  |TAMS 0x000000060a000000, 0x000000060a000000| Untracked 
|  37|0x000000060a400000, 0x000000060a400000, 0x000000060a800000|  0%| F|  |TAMS 0x000000060a400000, 0x000000060a400000| Untracked 
|  38|0x000000060a800000, 0x000000060a800000, 0x000000060ac00000|  0%| F|  |TAMS 0x000000060a800000, 0x000000060a800000| Untracked 
|  39|0x000000060ac00000, 0x000000060ac00000, 0x000000060b000000|  0%| F|  |TAMS 0x000000060ac00000, 0x000000060ac00000| Untracked 
|  40|0x000000060b000000, 0x000000060b000000, 0x000000060b400000|  0%| F|  |TAMS 0x000000060b000000, 0x000000060b000000| Untracked 
|  41|0x000000060b400000, 0x000000060b400000, 0x000000060b800000|  0%| F|  |TAMS 0x000000060b400000, 0x000000060b400000| Untracked 
|  42|0x000000060b800000, 0x000000060b800000, 0x000000060bc00000|  0%| F|  |TAMS 0x000000060b800000, 0x000000060b800000| Untracked 
|  43|0x000000060bc00000, 0x000000060bc00000, 0x000000060c000000|  0%| F|  |TAMS 0x000000060bc00000, 0x000000060bc00000| Untracked 
|  44|0x000000060c000000, 0x000000060c000000, 0x000000060c400000|  0%| F|  |TAMS 0x000000060c000000, 0x000000060c000000| Untracked 
|  45|0x000000060c400000, 0x000000060c400000, 0x000000060c800000|  0%| F|  |TAMS 0x000000060c400000, 0x000000060c400000| Untracked 
|  46|0x000000060c800000, 0x000000060c800000, 0x000000060cc00000|  0%| F|  |TAMS 0x000000060c800000, 0x000000060c800000| Untracked 
|  47|0x000000060cc00000, 0x000000060cc00000, 0x000000060d000000|  0%| F|  |TAMS 0x000000060cc00000, 0x000000060cc00000| Untracked 
|  48|0x000000060d000000, 0x000000060d000000, 0x000000060d400000|  0%| F|  |TAMS 0x000000060d000000, 0x000000060d000000| Untracked 
|  49|0x000000060d400000, 0x000000060d400000, 0x000000060d800000|  0%| F|  |TAMS 0x000000060d400000, 0x000000060d400000| Untracked 
|  50|0x000000060d800000, 0x000000060d800000, 0x000000060dc00000|  0%| F|  |TAMS 0x000000060d800000, 0x000000060d800000| Untracked 
|  51|0x000000060dc00000, 0x000000060dc00000, 0x000000060e000000|  0%| F|  |TAMS 0x000000060dc00000, 0x000000060dc00000| Untracked 
|  52|0x000000060e000000, 0x000000060e000000, 0x000000060e400000|  0%| F|  |TAMS 0x000000060e000000, 0x000000060e000000| Untracked 
|  53|0x000000060e400000, 0x000000060e400000, 0x000000060e800000|  0%| F|  |TAMS 0x000000060e400000, 0x000000060e400000| Untracked 
|  54|0x000000060e800000, 0x000000060e800000, 0x000000060ec00000|  0%| F|  |TAMS 0x000000060e800000, 0x000000060e800000| Untracked 
|  55|0x000000060ec00000, 0x000000060ec00000, 0x000000060f000000|  0%| F|  |TAMS 0x000000060ec00000, 0x000000060ec00000| Untracked 
|  56|0x000000060f000000, 0x000000060f000000, 0x000000060f400000|  0%| F|  |TAMS 0x000000060f000000, 0x000000060f000000| Untracked 
|  57|0x000000060f400000, 0x000000060f400000, 0x000000060f800000|  0%| F|  |TAMS 0x000000060f400000, 0x000000060f400000| Untracked 
|  58|0x000000060f800000, 0x000000060f800000, 0x000000060fc00000|  0%| F|  |TAMS 0x000000060f800000, 0x000000060f800000| Untracked 
|  59|0x000000060fc00000, 0x000000060fc00000, 0x0000000610000000|  0%| F|  |TAMS 0x000000060fc00000, 0x000000060fc00000| Untracked 
|  60|0x0000000610000000, 0x0000000610000000, 0x0000000610400000|  0%| F|  |TAMS 0x0000000610000000, 0x0000000610000000| Untracked 
|  61|0x0000000610400000, 0x0000000610400000, 0x0000000610800000|  0%| F|  |TAMS 0x0000000610400000, 0x0000000610400000| Untracked 
|  62|0x0000000610800000, 0x0000000610800000, 0x0000000610c00000|  0%| F|  |TAMS 0x0000000610800000, 0x0000000610800000| Untracked 
|  63|0x0000000610c00000, 0x0000000610c00000, 0x0000000611000000|  0%| F|  |TAMS 0x0000000610c00000, 0x0000000610c00000| Untracked 
|  64|0x0000000611000000, 0x0000000611000000, 0x0000000611400000|  0%| F|  |TAMS 0x0000000611000000, 0x0000000611000000| Untracked 
|  65|0x0000000611400000, 0x0000000611400000, 0x0000000611800000|  0%| F|  |TAMS 0x0000000611400000, 0x0000000611400000| Untracked 
|  66|0x0000000611800000, 0x0000000611800000, 0x0000000611c00000|  0%| F|  |TAMS 0x0000000611800000, 0x0000000611800000| Untracked 
|  67|0x0000000611c00000, 0x0000000611c00000, 0x0000000612000000|  0%| F|  |TAMS 0x0000000611c00000, 0x0000000611c00000| Untracked 
|  68|0x0000000612000000, 0x0000000612000000, 0x0000000612400000|  0%| F|  |TAMS 0x0000000612000000, 0x0000000612000000| Untracked 
|  69|0x0000000612400000, 0x0000000612400000, 0x0000000612800000|  0%| F|  |TAMS 0x0000000612400000, 0x0000000612400000| Untracked 
|  70|0x0000000612800000, 0x0000000612800000, 0x0000000612c00000|  0%| F|  |TAMS 0x0000000612800000, 0x0000000612800000| Untracked 
|  71|0x0000000612c00000, 0x0000000612c00000, 0x0000000613000000|  0%| F|  |TAMS 0x0000000612c00000, 0x0000000612c00000| Untracked 
|  72|0x0000000613000000, 0x0000000613000000, 0x0000000613400000|  0%| F|  |TAMS 0x0000000613000000, 0x0000000613000000| Untracked 
|  73|0x0000000613400000, 0x0000000613400000, 0x0000000613800000|  0%| F|  |TAMS 0x0000000613400000, 0x0000000613400000| Untracked 
|  74|0x0000000613800000, 0x0000000613800000, 0x0000000613c00000|  0%| F|  |TAMS 0x0000000613800000, 0x0000000613800000| Untracked 
|  75|0x0000000613c00000, 0x0000000613c00000, 0x0000000614000000|  0%| F|  |TAMS 0x0000000613c00000, 0x0000000613c00000| Untracked 
|  76|0x0000000614000000, 0x0000000614000000, 0x0000000614400000|  0%| F|  |TAMS 0x0000000614000000, 0x0000000614000000| Untracked 
|  77|0x0000000614400000, 0x0000000614400000, 0x0000000614800000|  0%| F|  |TAMS 0x0000000614400000, 0x0000000614400000| Untracked 
|  78|0x0000000614800000, 0x0000000614800000, 0x0000000614c00000|  0%| F|  |TAMS 0x0000000614800000, 0x0000000614800000| Untracked 
|  79|0x0000000614c00000, 0x0000000614c00000, 0x0000000615000000|  0%| F|  |TAMS 0x0000000614c00000, 0x0000000614c00000| Untracked 
|  80|0x0000000615000000, 0x0000000615000000, 0x0000000615400000|  0%| F|  |TAMS 0x0000000615000000, 0x0000000615000000| Untracked 
|  81|0x0000000615400000, 0x0000000615400000, 0x0000000615800000|  0%| F|  |TAMS 0x0000000615400000, 0x0000000615400000| Untracked 
|  82|0x0000000615800000, 0x0000000615800000, 0x0000000615c00000|  0%| F|  |TAMS 0x0000000615800000, 0x0000000615800000| Untracked 
|  83|0x0000000615c00000, 0x0000000615c00000, 0x0000000616000000|  0%| F|  |TAMS 0x0000000615c00000, 0x0000000615c00000| Untracked 
|  84|0x0000000616000000, 0x0000000616000000, 0x0000000616400000|  0%| F|  |TAMS 0x0000000616000000, 0x0000000616000000| Untracked 
|  85|0x0000000616400000, 0x0000000616400000, 0x0000000616800000|  0%| F|  |TAMS 0x0000000616400000, 0x0000000616400000| Untracked 
|  86|0x0000000616800000, 0x0000000616800000, 0x0000000616c00000|  0%| F|  |TAMS 0x0000000616800000, 0x0000000616800000| Untracked 
|  87|0x0000000616c00000, 0x0000000616c00000, 0x0000000617000000|  0%| F|  |TAMS 0x0000000616c00000, 0x0000000616c00000| Untracked 
|  88|0x0000000617000000, 0x0000000617000000, 0x0000000617400000|  0%| F|  |TAMS 0x0000000617000000, 0x0000000617000000| Untracked 
|  89|0x0000000617400000, 0x0000000617400000, 0x0000000617800000|  0%| F|  |TAMS 0x0000000617400000, 0x0000000617400000| Untracked 
|  90|0x0000000617800000, 0x0000000617800000, 0x0000000617c00000|  0%| F|  |TAMS 0x0000000617800000, 0x0000000617800000| Untracked 
|  91|0x0000000617c00000, 0x0000000617c00000, 0x0000000618000000|  0%| F|  |TAMS 0x0000000617c00000, 0x0000000617c00000| Untracked 
|  92|0x0000000618000000, 0x0000000618000000, 0x0000000618400000|  0%| F|  |TAMS 0x0000000618000000, 0x0000000618000000| Untracked 
|  93|0x0000000618400000, 0x0000000618400000, 0x0000000618800000|  0%| F|  |TAMS 0x0000000618400000, 0x0000000618400000| Untracked 
|  94|0x0000000618800000, 0x0000000618800000, 0x0000000618c00000|  0%| F|  |TAMS 0x0000000618800000, 0x0000000618800000| Untracked 
|  95|0x0000000618c00000, 0x0000000618c00000, 0x0000000619000000|  0%| F|  |TAMS 0x0000000618c00000, 0x0000000618c00000| Untracked 
|  96|0x0000000619000000, 0x0000000619000000, 0x0000000619400000|  0%| F|  |TAMS 0x0000000619000000, 0x0000000619000000| Untracked 
|  97|0x0000000619400000, 0x0000000619400000, 0x0000000619800000|  0%| F|  |TAMS 0x0000000619400000, 0x0000000619400000| Untracked 
|  98|0x0000000619800000, 0x0000000619800000, 0x0000000619c00000|  0%| F|  |TAMS 0x0000000619800000, 0x0000000619800000| Untracked 
|  99|0x0000000619c00000, 0x0000000619c00000, 0x000000061a000000|  0%| F|  |TAMS 0x0000000619c00000, 0x0000000619c00000| Untracked 
| 100|0x000000061a000000, 0x000000061a000000, 0x000000061a400000|  0%| F|  |TAMS 0x000000061a000000, 0x000000061a000000| Untracked 
| 101|0x000000061a400000, 0x000000061a400000, 0x000000061a800000|  0%| F|  |TAMS 0x000000061a400000, 0x000000061a400000| Untracked 
| 102|0x000000061a800000, 0x000000061a800000, 0x000000061ac00000|  0%| F|  |TAMS 0x000000061a800000, 0x000000061a800000| Untracked 
| 103|0x000000061ac00000, 0x000000061ac00000, 0x000000061b000000|  0%| F|  |TAMS 0x000000061ac00000, 0x000000061ac00000| Untracked 
| 104|0x000000061b000000, 0x000000061b000000, 0x000000061b400000|  0%| F|  |TAMS 0x000000061b000000, 0x000000061b000000| Untracked 
| 105|0x000000061b400000, 0x000000061b400000, 0x000000061b800000|  0%| F|  |TAMS 0x000000061b400000, 0x000000061b400000| Untracked 
| 106|0x000000061b800000, 0x000000061b800000, 0x000000061bc00000|  0%| F|  |TAMS 0x000000061b800000, 0x000000061b800000| Untracked 
| 107|0x000000061bc00000, 0x000000061bc00000, 0x000000061c000000|  0%| F|  |TAMS 0x000000061bc00000, 0x000000061bc00000| Untracked 
| 108|0x000000061c000000, 0x000000061c000000, 0x000000061c400000|  0%| F|  |TAMS 0x000000061c000000, 0x000000061c000000| Untracked 
| 109|0x000000061c400000, 0x000000061c400000, 0x000000061c800000|  0%| F|  |TAMS 0x000000061c400000, 0x000000061c400000| Untracked 
| 110|0x000000061c800000, 0x000000061c800000, 0x000000061cc00000|  0%| F|  |TAMS 0x000000061c800000, 0x000000061c800000| Untracked 
| 111|0x000000061cc00000, 0x000000061cc00000, 0x000000061d000000|  0%| F|  |TAMS 0x000000061cc00000, 0x000000061cc00000| Untracked 
| 112|0x000000061d000000, 0x000000061d000000, 0x000000061d400000|  0%| F|  |TAMS 0x000000061d000000, 0x000000061d000000| Untracked 
| 113|0x000000061d400000, 0x000000061d400000, 0x000000061d800000|  0%| F|  |TAMS 0x000000061d400000, 0x000000061d400000| Untracked 
| 114|0x000000061d800000, 0x000000061d800000, 0x000000061dc00000|  0%| F|  |TAMS 0x000000061d800000, 0x000000061d800000| Untracked 
| 115|0x000000061dc00000, 0x000000061dc00000, 0x000000061e000000|  0%| F|  |TAMS 0x000000061dc00000, 0x000000061dc00000| Untracked 
| 116|0x000000061e000000, 0x000000061e000000, 0x000000061e400000|  0%| F|  |TAMS 0x000000061e000000, 0x000000061e000000| Untracked 
| 117|0x000000061e400000, 0x000000061e400000, 0x000000061e800000|  0%| F|  |TAMS 0x000000061e400000, 0x000000061e400000| Untracked 
| 118|0x000000061e800000, 0x000000061e800000, 0x000000061ec00000|  0%| F|  |TAMS 0x000000061e800000, 0x000000061e800000| Untracked 
| 119|0x000000061ec00000, 0x000000061ec00000, 0x000000061f000000|  0%| F|  |TAMS 0x000000061ec00000, 0x000000061ec00000| Untracked 
| 120|0x000000061f000000, 0x000000061f000000, 0x000000061f400000|  0%| F|  |TAMS 0x000000061f000000, 0x000000061f000000| Untracked 
| 121|0x000000061f400000, 0x000000061f400000, 0x000000061f800000|  0%| F|  |TAMS 0x000000061f400000, 0x000000061f400000| Untracked 
| 122|0x000000061f800000, 0x000000061f800000, 0x000000061fc00000|  0%| F|  |TAMS 0x000000061f800000, 0x000000061f800000| Untracked 
| 123|0x000000061fc00000, 0x000000061fc00000, 0x0000000620000000|  0%| F|  |TAMS 0x000000061fc00000, 0x000000061fc00000| Untracked 
| 124|0x0000000620000000, 0x0000000620000000, 0x0000000620400000|  0%| F|  |TAMS 0x0000000620000000, 0x0000000620000000| Untracked 
| 125|0x0000000620400000, 0x0000000620400000, 0x0000000620800000|  0%| F|  |TAMS 0x0000000620400000, 0x0000000620400000| Untracked 
| 126|0x0000000620800000, 0x0000000620800000, 0x0000000620c00000|  0%| F|  |TAMS 0x0000000620800000, 0x0000000620800000| Untracked 
| 127|0x0000000620c00000, 0x0000000620d70a80, 0x0000000621000000| 36%| E|  |TAMS 0x0000000620c00000, 0x0000000620c00000| Complete 

Card table byte_map: [0x000001d044270000,0x000001d045270000] _byte_map_base: 0x000001d041268000

Marking Bits (Prev, Next): (CMBitMap*) 0x000001d031e5e600, (CMBitMap*) 0x000001d031e5e640
 Prev Bits: [0x000001d046270000, 0x000001d04e230000)
 Next Bits: [0x000001d04e230000, 0x000001d0561f0000)

Polling page: 0x000001d031560000

Metaspace:

Usage:
  Non-class:      5.27 MB capacity,     5.17 MB ( 98%) used,    95.94 KB (  2%) free+waste,     2.00 KB ( <1%) overhead. 
      Class:    500.00 KB capacity,   461.58 KB ( 92%) used,    37.42 KB (  7%) free+waste,     1.00 KB ( <1%) overhead. 
       Both:      5.76 MB capacity,     5.62 MB ( 98%) used,   133.36 KB (  2%) free+waste,     3.00 KB ( <1%) overhead. 

Virtual space:
  Non-class space:        8.00 MB reserved,       5.50 MB ( 69%) committed 
      Class space:        1.00 GB reserved,     512.00 KB ( <1%) committed 
             Both:        1.01 GB reserved,       6.00 MB ( <1%) committed 

Chunk freelists:
   Non-Class:  44.00 KB
       Class:  12.00 KB
        Both:  56.00 KB

MaxMetaspaceSize: 17179869184.00 GB
CompressedClassSpaceSize: 1.00 GB

CodeHeap 'non-profiled nmethods': size=119168Kb used=36Kb max_used=36Kb free=119131Kb
 bounds [0x000001d03b590000, 0x000001d03b800000, 0x000001d0429f0000]
CodeHeap 'profiled nmethods': size=119104Kb used=181Kb max_used=181Kb free=118922Kb
 bounds [0x000001d034140000, 0x000001d0343b0000, 0x000001d03b590000]
CodeHeap 'non-nmethods': size=7488Kb used=1127Kb max_used=1141Kb free=6360Kb
 bounds [0x000001d0339f0000, 0x000001d033c60000, 0x000001d034140000]
 total_blobs=523 nmethods=151 adapters=285
 compilation: enabled
              stopped_count=0, restarted_count=0
 full_count=0

Compilation events (20 events):
Event: 61.986 Thread 0x000001d059bedf60 nmethod 140 0x000001d034169190 code [0x000001d034169340, 0x000001d034169548]
Event: 61.986 Thread 0x000001d059bedf60  141       3       java.nio.MappedByteBuffer::position (6 bytes)
Event: 61.987 Thread 0x000001d059bedf60 nmethod 141 0x000001d034169690 code [0x000001d034169840, 0x000001d034169a48]
Event: 61.987 Thread 0x000001d059bedf60  142       3       java.nio.DirectByteBuffer::<init> (55 bytes)
Event: 61.987 Thread 0x000001d059bedf60 nmethod 142 0x000001d034169b90 code [0x000001d034169d60, 0x000001d03416a148]
Event: 61.987 Thread 0x000001d059bedf60  143       3       java.lang.CharacterDataLatin1::getProperties (11 bytes)
Event: 61.987 Thread 0x000001d059bedf60 nmethod 143 0x000001d03416a290 code [0x000001d03416a420, 0x000001d03416a558]
Event: 61.987 Thread 0x000001d059bedf60  144       1       java.security.CodeSource::getLocationNoFragString (5 bytes)
Event: 61.987 Thread 0x000001d059bedf60 nmethod 144 0x000001d03b598610 code [0x000001d03b5987a0, 0x000001d03b598858]
Event: 61.987 Thread 0x000001d059bedf60  146       3       java.lang.invoke.MethodType::parameterType (7 bytes)
Event: 61.987 Thread 0x000001d059bdfc60  147       4       java.lang.StringLatin1::hashCode (42 bytes)
Event: 61.987 Thread 0x000001d059bedf60 nmethod 146 0x000001d03416a610 code [0x000001d03416a7a0, 0x000001d03416a8d8]
Event: 61.987 Thread 0x000001d059bedf60  148       3       java.lang.StringLatin1::replace (198 bytes)
Event: 61.988 Thread 0x000001d059bedf60 nmethod 148 0x000001d03416a990 code [0x000001d03416ac00, 0x000001d03416b948]
Event: 61.988 Thread 0x000001d059bedf60  149       3       java.lang.Class::getClassLoader (28 bytes)
Event: 61.989 Thread 0x000001d059bedf60 nmethod 149 0x000001d03416be10 code [0x000001d03416c040, 0x000001d03416ca78]
Event: 61.989 Thread 0x000001d059bedf60  150       3       java.lang.Math::max (11 bytes)
Event: 61.989 Thread 0x000001d059bedf60 nmethod 150 0x000001d03416cd90 code [0x000001d03416cf20, 0x000001d03416d058]
Event: 61.989 Thread 0x000001d059bedf60  151       3       java.lang.Class::getName (18 bytes)
Event: 61.989 Thread 0x000001d059bedf60 nmethod 151 0x000001d03416d110 code [0x000001d03416d2c0, 0x000001d03416d448]

GC Heap History (0 events):
No events

Deoptimization events (0 events):
No events

Classes unloaded (0 events):
No events

Classes redefined (0 events):
No events

Internal exceptions (20 events):
Event: 51.830 Thread 0x000001d031dee4b0 Exception <a 'sun/nio/fs/WindowsException'{0x0000000620c70c40}> (0x0000000620c70c40) 
thrown [./open/src/hotspot/share/prims/jni.cpp, line 578]
Event: 52.839 Thread 0x000001d031dee4b0 Exception <a 'sun/nio/fs/WindowsException'{0x0000000620c71430}> (0x0000000620c71430) 
thrown [./open/src/hotspot/share/prims/jni.cpp, line 578]
Event: 52.839 Thread 0x000001d031dee4b0 Exception <a 'sun/nio/fs/WindowsException'{0x0000000620c71560}> (0x0000000620c71560) 
thrown [./open/src/hotspot/share/prims/jni.cpp, line 578]
Event: 53.841 Thread 0x000001d031dee4b0 Exception <a 'sun/nio/fs/WindowsException'{0x0000000620c71d50}> (0x0000000620c71d50) 
thrown [./open/src/hotspot/share/prims/jni.cpp, line 578]
Event: 53.842 Thread 0x000001d031dee4b0 Exception <a 'sun/nio/fs/WindowsException'{0x0000000620c71e80}> (0x0000000620c71e80) 
thrown [./open/src/hotspot/share/prims/jni.cpp, line 578]
Event: 54.853 Thread 0x000001d031dee4b0 Exception <a 'sun/nio/fs/WindowsException'{0x0000000620c72670}> (0x0000000620c72670) 
thrown [./open/src/hotspot/share/prims/jni.cpp, line 578]
Event: 54.853 Thread 0x000001d031dee4b0 Exception <a 'sun/nio/fs/WindowsException'{0x0000000620c727a0}> (0x0000000620c727a0) 
thrown [./open/src/hotspot/share/prims/jni.cpp, line 578]
Event: 55.858 Thread 0x000001d031dee4b0 Exception <a 'sun/nio/fs/WindowsException'{0x0000000620c72f90}> (0x0000000620c72f90) 
thrown [./open/src/hotspot/share/prims/jni.cpp, line 578]
Event: 55.858 Thread 0x000001d031dee4b0 Exception <a 'sun/nio/fs/WindowsException'{0x0000000620c730c0}> (0x0000000620c730c0) 
thrown [./open/src/hotspot/share/prims/jni.cpp, line 578]
Event: 56.860 Thread 0x000001d031dee4b0 Exception <a 'sun/nio/fs/WindowsException'{0x0000000620c738b0}> (0x0000000620c738b0) 
thrown [./open/src/hotspot/share/prims/jni.cpp, line 578]
Event: 56.860 Thread 0x000001d031dee4b0 Exception <a 'sun/nio/fs/WindowsException'{0x0000000620c739e0}> (0x0000000620c739e0) 
thrown [./open/src/hotspot/share/prims/jni.cpp, line 578]
Event: 57.865 Thread 0x000001d031dee4b0 Exception <a 'sun/nio/fs/WindowsException'{0x0000000620c741d0}> (0x0000000620c741d0) 
thrown [./open/src/hotspot/share/prims/jni.cpp, line 578]
Event: 57.865 Thread 0x000001d031dee4b0 Exception <a 'sun/nio/fs/WindowsException'{0x0000000620c74300}> (0x0000000620c74300) 
thrown [./open/src/hotspot/share/prims/jni.cpp, line 578]
Event: 58.867 Thread 0x000001d031dee4b0 Exception <a 'sun/nio/fs/WindowsException'{0x0000000620c74af0}> (0x0000000620c74af0) 
thrown [./open/src/hotspot/share/prims/jni.cpp, line 578]
Event: 58.867 Thread 0x000001d031dee4b0 Exception <a 'sun/nio/fs/WindowsException'{0x0000000620c74c20}> (0x0000000620c74c20) 
thrown [./open/src/hotspot/share/prims/jni.cpp, line 578]
Event: 59.879 Thread 0x000001d031dee4b0 Exception <a 'sun/nio/fs/WindowsException'{0x0000000620c75410}> (0x0000000620c75410) 
thrown [./open/src/hotspot/share/prims/jni.cpp, line 578]
Event: 59.879 Thread 0x000001d031dee4b0 Exception <a 'sun/nio/fs/WindowsException'{0x0000000620c75540}> (0x0000000620c75540) 
thrown [./open/src/hotspot/share/prims/jni.cpp, line 578]
Event: 60.888 Thread 0x000001d031dee4b0 Exception <a 'sun/nio/fs/WindowsException'{0x0000000620c75d30}> (0x0000000620c75d30) 
thrown [./open/src/hotspot/share/prims/jni.cpp, line 578]
Event: 60.889 Thread 0x000001d031dee4b0 Exception <a 'sun/nio/fs/WindowsException'{0x0000000620c75e60}> (0x0000000620c75e60) 
thrown [./open/src/hotspot/share/prims/jni.cpp, line 578]
Event: 61.963 Thread 0x000001d031dee4b0 Exception <a 'java/lang/NoSuchMethodError'{0x0000000620d03298}: 'void java.lang.invoke.DirectMethodHandle$Holder.invokeStatic(java.lang.Object, long)'> (0x0000000620d03298) 
thrown [./open/src/hotspot/share/interpreter/linkResolver.cpp, line 782]

Events (20 events):
Event: 61.973 loading class sun/invoke/util/Wrapper$1
Event: 61.973 loading class sun/invoke/util/Wrapper$1 done
Event: 61.973 loading class java/lang/invoke/MethodHandleImpl$IntrinsicMethodHandle
Event: 61.973 loading class java/lang/invoke/DelegatingMethodHandle
Event: 61.973 loading class java/lang/invoke/DelegatingMethodHandle done
Event: 61.973 loading class java/lang/invoke/MethodHandleImpl$IntrinsicMethodHandle done
Event: 61.973 loading class java/lang/invoke/DelegatingMethodHandle$Holder
Event: 61.973 loading class java/lang/invoke/DelegatingMethodHandle$Holder done
Event: 61.973 loading class java/lang/invoke/LambdaFormEditor
Event: 61.973 loading class java/lang/invoke/LambdaFormEditor done
Event: 61.974 loading class java/lang/invoke/LambdaFormEditor$TransformKey
Event: 61.974 loading class java/lang/invoke/LambdaFormEditor$TransformKey done
Event: 61.974 loading class java/lang/invoke/LambdaFormBuffer
Event: 61.974 loading class java/lang/invoke/LambdaFormBuffer done
Event: 61.974 loading class java/lang/invoke/LambdaFormEditor$Transform
Event: 61.974 loading class java/lang/invoke/LambdaFormEditor$Transform done
Event: 61.978 loading class java/lang/invoke/DirectMethodHandle$Constructor
Event: 61.978 loading class java/lang/invoke/DirectMethodHandle$Constructor done
Event: 61.982 loading class java/nio/DirectByteBuffer$Deallocator
Event: 61.982 loading class java/nio/DirectByteBuffer$Deallocator done


Dynamic libraries:
0x00007ff774320000 - 0x00007ff7743f5000 	D:\Users\jeuxj\Documents\Source Projects Dev\NovelRT\src\NovelRT.Java\sample-kotlin\build\image\JavaBootstrapper.exe
0x00007ffb1f9c0000 - 0x00007ffb1fbcf000 	C:\WINDOWS\SYSTEM32\ntdll.dll
0x00007ffb1e3b0000 - 0x00007ffb1e46d000 	C:\WINDOWS\System32\KERNEL32.DLL
0x00007ffb1d000000 - 0x00007ffb1d38e000 	C:\WINDOWS\System32\KERNELBASE.dll
0x00007ffb1d700000 - 0x00007ffb1d811000 	C:\WINDOWS\System32\ucrtbase.dll
0x00007ffafdd10000 - 0x00007ffafdd9e000 	C:\WINDOWS\SYSTEM32\MSVCP140.dll
0x00007ffb0d6f0000 - 0x00007ffb0d70b000 	C:\WINDOWS\SYSTEM32\VCRUNTIME140.dll
0x00007ffa7bbd0000 - 0x00007ffa7c72c000 	D:\Users\jeuxj\Documents\Source Projects Dev\NovelRT\src\NovelRT.Java\sample-kotlin\build\image\bin\server\jvm.dll
0x00007ffad45a0000 - 0x00007ffad4782000 	D:\Users\jeuxj\Documents\Source Projects Dev\NovelRT\src\NovelRT.Java\sample-kotlin\build\image\NovelRT.Interop.dll
0x00007ffafe320000 - 0x00007ffafe32c000 	C:\WINDOWS\SYSTEM32\VCRUNTIME140_1.dll
0x00007ffb1ed20000 - 0x00007ffb1eeca000 	C:\WINDOWS\System32\USER32.dll
0x00007ffad87e0000 - 0x00007ffad881e000 	D:\Users\jeuxj\Documents\Source Projects Dev\NovelRT\src\NovelRT.Java\sample-kotlin\build\image\glfw3.dll
0x00007ffad3610000 - 0x00007ffad3c04000 	D:\Users\jeuxj\Documents\Source Projects Dev\NovelRT\src\NovelRT.Java\sample-kotlin\build\image\NovelRT.dll
0x00007ffb1d6d0000 - 0x00007ffb1d6f6000 	C:\WINDOWS\System32\win32u.dll
0x00007ffb1ef80000 - 0x00007ffb1efa9000 	C:\WINDOWS\System32\GDI32.dll
0x00007ffb1cee0000 - 0x00007ffb1cff7000 	C:\WINDOWS\System32\gdi32full.dll
0x00007ffb1f130000 - 0x00007ffb1f8e8000 	C:\WINDOWS\System32\SHELL32.dll
0x00007ffb1d570000 - 0x00007ffb1d60a000 	C:\WINDOWS\System32\msvcp_win.dll
0x00007ffb1eed0000 - 0x00007ffb1ef7e000 	C:\WINDOWS\System32\ADVAPI32.dll
0x00007ffade190000 - 0x00007ffade1b6000 	D:\Users\jeuxj\Documents\Source Projects Dev\NovelRT\src\NovelRT.Java\sample-kotlin\build\image\nethost.dll
0x00007ffb1d820000 - 0x00007ffb1d8c4000 	C:\WINDOWS\System32\msvcrt.dll
0x00007ffad44d0000 - 0x00007ffad4594000 	D:\Users\jeuxj\Documents\Source Projects Dev\NovelRT\src\NovelRT.Java\sample-kotlin\build\image\freetype.dll
0x00007ffad4390000 - 0x00007ffad44ce000 	D:\Users\jeuxj\Documents\Source Projects Dev\NovelRT\src\NovelRT.Java\sample-kotlin\build\image\OpenAL32.dll
0x00007ffb1e550000 - 0x00007ffb1e5f2000 	C:\WINDOWS\System32\sechost.dll
0x00007ffb1e8c0000 - 0x00007ffb1e9df000 	C:\WINDOWS\System32\RPCRT4.dll
0x00007ffb1e390000 - 0x00007ffb1e398000 	C:\WINDOWS\System32\PSAPI.DLL
0x00007ffb1e6e0000 - 0x00007ffb1e879000 	C:\WINDOWS\System32\ole32.dll
0x00007ffb1dfb0000 - 0x00007ffb1e32c000 	C:\WINDOWS\System32\combase.dll
0x00007ffad41e0000 - 0x00007ffad438f000 	D:\Users\jeuxj\Documents\Source Projects Dev\NovelRT\src\NovelRT.Java\sample-kotlin\build\image\sndfile.dll
0x00007ffadac70000 - 0x00007ffadac94000 	D:\Users\jeuxj\Documents\Source Projects Dev\NovelRT\src\NovelRT.Java\sample-kotlin\build\image\fmt.dll
0x00007ffad5250000 - 0x00007ffad52a0000 	D:\Users\jeuxj\Documents\Source Projects Dev\NovelRT\src\NovelRT.Java\sample-kotlin\build\image\tbb12.dll
0x00007ffad4c50000 - 0x00007ffad4ca3000 	D:\Users\jeuxj\Documents\Source Projects Dev\NovelRT\src\NovelRT.Java\sample-kotlin\build\image\vulkan-1.dll
0x00007ffaf9f20000 - 0x00007ffaf9f29000 	C:\WINDOWS\SYSTEM32\WSOCK32.dll
0x00007ffb14de0000 - 0x00007ffb14e14000 	C:\WINDOWS\SYSTEM32\WINMM.dll
0x00007ffb1eb50000 - 0x00007ffb1ebc1000 	C:\WINDOWS\System32\WS2_32.dll
0x00007ffb11ea0000 - 0x00007ffb11eaa000 	C:\WINDOWS\SYSTEM32\VERSION.dll
0x00007ffb1ca80000 - 0x00007ffb1cacd000 	C:\WINDOWS\SYSTEM32\CFGMGR32.dll
0x00007ffb1e880000 - 0x00007ffb1e8b1000 	C:\WINDOWS\System32\IMM32.DLL
0x00007ffad7730000 - 0x00007ffad776c000 	D:\Users\jeuxj\Documents\Source Projects Dev\NovelRT\src\NovelRT.Java\sample-kotlin\build\image\tbbmalloc.dll
0x00007ffb1a610000 - 0x00007ffb1a705000 	C:\WINDOWS\system32\dxgi.dll
0x00007ffafa030000 - 0x00007ffafa03a000 	D:\Users\jeuxj\Documents\Source Projects Dev\NovelRT\src\NovelRT.Java\sample-kotlin\build\image\bin\jimage.dll
0x00007ffb0c8e0000 - 0x00007ffb0cb06000 	C:\WINDOWS\SYSTEM32\DBGHELP.DLL
0x00007ffb1e600000 - 0x00007ffb1e6d7000 	C:\WINDOWS\System32\OLEAUT32.dll
0x00007ffafe6f0000 - 0x00007ffafe721000 	C:\WINDOWS\SYSTEM32\dbgcore.DLL
0x00007ffb1d390000 - 0x00007ffb1d40b000 	C:\WINDOWS\System32\bcryptPrimitives.dll
0x00007ffad8450000 - 0x00007ffad8475000 	D:\Users\jeuxj\Documents\Source Projects Dev\NovelRT\src\NovelRT.Java\sample-kotlin\build\image\bin\java.dll
0x00007ffb1beb0000 - 0x00007ffb1bec8000 	C:\WINDOWS\SYSTEM32\kernel.appcore.dll
0x00007ffb1aeb0000 - 0x00007ffb1b706000 	C:\WINDOWS\SYSTEM32\windows.storage.dll
0x00007ffb1ad70000 - 0x00007ffb1aeac000 	C:\WINDOWS\SYSTEM32\wintypes.dll
0x00007ffb1ea50000 - 0x00007ffb1eb41000 	C:\WINDOWS\System32\SHCORE.dll
0x00007ffb1e330000 - 0x00007ffb1e38b000 	C:\WINDOWS\System32\shlwapi.dll
0x00007ffb1cdb0000 - 0x00007ffb1cdd1000 	C:\WINDOWS\SYSTEM32\profapi.dll
0x00007ffadde20000 - 0x00007ffadde39000 	D:\Users\jeuxj\Documents\Source Projects Dev\NovelRT\src\NovelRT.Java\sample-kotlin\build\image\bin\net.dll
0x00007ffb16e20000 - 0x00007ffb16f32000 	C:\WINDOWS\SYSTEM32\WINHTTP.dll
0x00007ffb1c350000 - 0x00007ffb1c3b9000 	C:\WINDOWS\system32\mswsock.dll
0x00007ffadd540000 - 0x00007ffadd552000 	D:\Users\jeuxj\Documents\Source Projects Dev\NovelRT\src\NovelRT.Java\sample-kotlin\build\image\bin\nio.dll
0x00007ffad0c60000 - 0x00007ffad0d0f000 	D:\Users\jeuxj\Documents\Source Projects Dev\NovelRT\src\NovelRT.Java\sample-kotlin\build\image\NovelRT.JavaSupport.dll

dbghelp: loaded successfully - version: 4.0.5 - missing functions: none
symbol engine: initialized successfully - sym options: 0x614 - pdb path: .;D:\Users\jeuxj\Documents\Source Projects Dev\NovelRT\src\NovelRT.Java\sample-kotlin\build\image;C:\WINDOWS\SYSTEM32;D:\Users\jeuxj\Documents\Source Projects Dev\NovelRT\src\NovelRT.Java\sample-kotlin\build\image\bin\server;D:\Users\jeuxj\Documents\Source Projects Dev\NovelRT\src\NovelRT.Java\sample-kotlin\build\image\bin

VM Arguments:
jvm_args: -Djdk.module.main=novelrt.sample.kotlin -Djava.io.tmpdir=D:\Users\jeuxj\Documents\Source Projects Dev\NovelRT\src\NovelRT.Java\sample-kotlin\build\temp -Dfile.encoding=UTF-8 -Djava.rmi.server.hostname=localhost 
java_command: <unknown>
java_class_path (initial): <not set>
Launcher Type: generic

[Global flags]
     intx CICompilerCount                          = 12                                        {product} {ergonomic}
     uint ConcGCThreads                            = 3                                         {product} {ergonomic}
     uint G1ConcRefinementThreads                  = 13                                        {product} {ergonomic}
   size_t G1HeapRegionSize                         = 4194304                                   {product} {ergonomic}
    uintx GCDrainStackTargetSize                   = 64                                        {product} {ergonomic}
   size_t InitialHeapSize                          = 536870912                                 {product} {ergonomic}
   size_t MarkStackSize                            = 4194304                                   {product} {ergonomic}
   size_t MaxHeapSize                              = 8573157376                                {product} {ergonomic}
   size_t MaxNewSize                               = 5142216704                                {product} {ergonomic}
   size_t MinHeapDeltaBytes                        = 4194304                                   {product} {ergonomic}
   size_t MinHeapSize                              = 8388608                                   {product} {ergonomic}
    uintx NonNMethodCodeHeapSize                   = 7602480                                {pd product} {ergonomic}
    uintx NonProfiledCodeHeapSize                  = 122027880                              {pd product} {ergonomic}
    uintx ProfiledCodeHeapSize                     = 122027880                              {pd product} {ergonomic}
    uintx ReservedCodeCacheSize                    = 251658240                              {pd product} {ergonomic}
     bool SegmentedCodeCache                       = true                                      {product} {ergonomic}
   size_t SoftMaxHeapSize                          = 8573157376                             {manageable} {ergonomic}
     bool UseCompressedClassPointers               = true                                 {lp64_product} {ergonomic}
     bool UseCompressedOops                        = true                                 {lp64_product} {ergonomic}
     bool UseG1GC                                  = true                                      {product} {ergonomic}
     bool UseLargePagesIndividualAllocation        = false                                  {pd product} {ergonomic}

Logging:
Log output configuration:
 #0: stdout all=warning uptime,level,tags
 #1: stderr all=off uptime,level,tags

Environment Variables:
JAVA_HOME=C:\Program Files\Eclipse Adoptium\jdk-17.0.1.12-hotspot\
PATH=D:\Users\jeuxj\Documents\Source Projects Dev\NovelRT\src\NovelRT.Java\sample-kotlin\build\image\bin\server;D:\Users\jeuxj\Documents\Source Projects Dev\NovelRT\src\NovelRT.Java\sample-kotlin\build\image\bin;C:\Program Files\Eclipse Adoptium\jdk-17.0.1.12-hotspot\bin;D:\Users\jeuxj\Documents\SourceProjectDev\devkitPro\msys2\usr\bin;C:\Program Files (x86)\Common Files\Intel\Shared Libraries\redist\intel64\compiler;C:\Windows\System32;C:\Windows;C:\Windows\System32\wbem;C:\Windows\System32\WindowsPowerShell\v1.0\;C:\Program Files\Intel\WiFi\bin\;C:\Program Files\Common Files\Intel\WirelessCommon\;C:\Program Files (x86)\NVIDIA Corporation\PhysX\Common;C:\Windows\System32\OpenSSH\;C:\Program Files\Microsoft SQL Server\130\Tools\Binn\;D:\Program Files\Druide\Antidote 8\Programmes64\;D:\Program Files\Druide\Antidote 8\Programmes32\;C:\Program Files\NVIDIA Corporation\NVIDIA NvDLISR;D:\Program Files\PuTTY\;D:\Program Files\Microsoft VS Code\bin;C:\Program Files (x86)\Microsoft SQL Server\150\DTS\Binn\;C:\xampp\php;C:\ProgramData\ComposerSetup\bin;C:\Program Files\Java\jdk-16\bin;C:\Program Files (x86)\Common Files\Oracle\Java\javapath;C:\Program Files\CMake\bin;D:\Program Files (x86)\GnuPG\bin;D;C:\Program Files\nodejs\;D:\Program Files\Kubernetes\Minikube;C:\ProgramData\chocolatey\bin;C:\Program Files\Azure Data Studio\bin;D:\Program Files (x86)\dotnet-core-uninstall\;C:\WINDOWS\system32;C:\WINDOWS;C:\WINDOWS\System32\Wbem;C:\WINDOWS\System32\WindowsPowerShell\v1.0\;C:\WINDOWS\System32\OpenSSH\;D:\Program Files\Git\cmd;;C:\Program Files\Microsoft SQL Server\140\Tools\Binn\;C:\Program Files\Microsoft SQL Server\150\Tools\Binn\;C:\Program Files\dotnet\;C:\Program Files\Microsoft SQL Server\Client SDK\ODBC\170\Tools\Binn\;C:\WINDOWS\system32;C:\WINDOWS;C:\WINDOWS\System32\Wbem;C:\WINDOWS\System32\WindowsPowerShell\v1.0\;C:\WINDOWS\System32\OpenSSH\;C:\Program Files\Docker\Docker\resources\bin;C:\ProgramData\DockerDesktop\version-bin;C:\Users\jeuxj\AppData\Local\Microsoft\Wi
USERNAME=jeuxj
OS=Windows_NT
PROCESSOR_IDENTIFIER=AMD64 Family 23 Model 1 Stepping 1, AuthenticAMD



---------------  S Y S T E M  ---------------

OS:
 Windows 10 , 64 bit Build 22526 (10.0.22526.1000)
OS uptime: 0 days 11:50 hours
HyperV virtualization detected

CPU: total 16 (initial active 16) (16 cores per cpu, 2 threads per core) family 23 model 1 stepping 1, cmov, cx8, fxsr, mmx, sse, sse2, sse3, ssse3, sse4.1, sse4.2, popcnt, vzeroupper, avx, avx2, aes, clmul, 3dnowpref, lzcnt, sse4a, ht, tsc, tscinvbit, tscinv, bmi1, bmi2, adx, sha, fma, clflush, clflushopt

Memory: 4k page, system-wide physical 32702M (15411M free)
TotalPageFile size 40126M (AvailPageFile size 16850M)
current process WorkingSet (physical memory assigned to process): 44M, peak: 44M
current process commit charge ("private bytes"): 627M, peak: 627M

vm_info: OpenJDK 64-Bit Server VM (15+36-1562) for windows-amd64 JRE (15+36-1562), built on Aug 11 2020 22:33:04 by "mach5one" with unknown MS VC++:1925

END.
