#
# A fatal error has been detected by the Java Runtime Environment:
#
#  EXCEPTION_ACCESS_VIOLATION (0xc0000005) at pc=0x00007ffad8463b0d, pid=25160, tid=20592
#
# JRE version: OpenJDK Runtime Environment (15.0+36) (build 15+36-1562)
# Java VM: OpenJDK 64-Bit Server VM (15+36-1562, mixed mode, tiered, compressed oops, g1 gc, windows-amd64)
# Problematic frame:
# C  0x00007ffad8463b0d
#
# No core dump will be written. Minidumps are not enabled by default on client versions of Windows
#
# If you would like to submit a bug report, please visit:
#   https://bugreport.java.com/bugreport/crash.jsp
# The crash happened outside the Java Virtual Machine in native code.
# See problematic frame for where to report the bug.
#

---------------  S U M M A R Y ------------

Command Line: -Djdk.module.main=novelrt.sample.kotlin -Djava.io.tmpdir=D:\Users\jeuxj\Documents\Source Projects Dev\NovelRT\src\NovelRT.Java\sample-kotlin\build\temp -Dfile.encoding=UTF-8 -Djava.rmi.server.hostname=localhost 

Host: AMD Ryzen 7 1700 Eight-Core Processor          , 16 cores, 31G,  Windows 10 , 64 bit Build 22526 (10.0.22526.1000)
Time: Sun Jan  9 23:57:40 2022 Paris, Madrid elapsed time: 672.858645 seconds (0d 0h 11m 12s)

---------------  T H R E A D  ---------------

Current thread (0x000001ce84a9e240):  JavaThread "main" [_thread_in_native, id=20592, stack(0x0000007dd8000000,0x0000007dd8100000)]

Stack: [0x0000007dd8000000,0x0000007dd8100000],  sp=0x0000007dd80fec18,  free space=1019k
Native frames: (J=compiled Java code, j=interpreted, Vv=VM code, C=native code)
C  0x00007ffad8463b0d

Java frames: (J=compiled Java code, j=interpreted, Vv=VM code)
J 82  java.lang.Class.isArray()Z java.base@15 (0 bytes) @ 0x000001ce8e243fe3 [0x000001ce8e243fa0+0x0000000000000043]
J 145 c1 java.util.Arrays.copyOf([Ljava/lang/Object;ILjava/lang/Class;)[Ljava/lang/Object; java.base@15 (40 bytes) @ 0x000001ce86e2a11c [0x000001ce86e29f80+0x000000000000019c]
J 144 c1 java.util.Arrays.copyOf([Ljava/lang/Object;I)[Ljava/lang/Object; java.base@15 (10 bytes) @ 0x000001ce86e29bc4 [0x000001ce86e29b40+0x0000000000000084]
j  com.github.novelrt.sample.kotlin.MainKt.main()V+23 novelrt.sample.kotlin
j  com.github.novelrt.sample.kotlin.MainKt.main([Ljava/lang/String;)V+0 novelrt.sample.kotlin
v  ~StubRoutines::call_stub

siginfo: EXCEPTION_ACCESS_VIOLATION (0xc0000005), data execution prevention violation at address 0x00007ffad8463b0d


Register to memory mapping:

RIP=0x00007ffad8463b0d is an unknown value
RAX={method} {0x000001ceac0f52b0} 'copyOf' '([Ljava/lang/Object;I)[Ljava/lang/Object;' in 'java/util/Arrays'
RBX=0x000001ceac2f6040 is pointing into metadata
RCX=0x000001ce84a9e568 points into unknown readable memory: 0x00007ffa7c5cbe40 | 40 be 5c 7c fa 7f 00 00
RDX=0x0000007dd80fec40 is pointing into the stack for thread: 0x000001ce84a9e240
RSP=0x0000007dd80fec18 is pointing into the stack for thread: 0x000001ce84a9e240
RBP=0x0000007dd80fec80 is pointing into the stack for thread: 0x000001ce84a9e240
RSI=0x0000000620c50918 is an oop: java.lang.Class 
{0x0000000620c50918} - klass: 'java/lang/Class'
RDI=0x000001ceac2e8ff0 is pointing into metadata
R8 =0x0 is NULL
R9 =0x0000000620c50918 is an oop: java.lang.Class 
{0x0000000620c50918} - klass: 'java/lang/Class'
R10=0x00007ffad8463b0d is an unknown value
R11=0x000001ce86e29b40 is at entry_point+0 in (nmethod*)0x000001ce86e29990
R12=0x0 is NULL
R13=0x0000007dd80fed68 is pointing into the stack for thread: 0x000001ce84a9e240
R14=0x0000007dd80fee00 is pointing into the stack for thread: 0x000001ce84a9e240
R15=0x000001ce84a9e240 is a thread


Registers:
RAX=0x000001ceac0f52a8, RBX=0x000001ceac2f6040, RCX=0x000001ce84a9e568, RDX=0x0000007dd80fec40
RSP=0x0000007dd80fec18, RBP=0x0000007dd80fec80, RSI=0x0000000620c50918, RDI=0x000001ceac2e8ff0
R8 =0x0000000000000000, R9 =0x0000000620c50918, R10=0x00007ffad8463b0d, R11=0x000001ce86e29b40
R12=0x0000000000000000, R13=0x0000007dd80fed68, R14=0x0000007dd80fee00, R15=0x000001ce84a9e240
RIP=0x00007ffad8463b0d, EFLAGS=0x0000000000010246

Top of Stack: (sp=0x0000007dd80fec18)
0x0000007dd80fec18:   000001ce8e24407b 0000000000000001
0x0000007dd80fec28:   0000000000000000 0000007dd80fec90
0x0000007dd80fec38:   000001ce84a9e240 0000000620c50918
0x0000007dd80fec48:   0000000000000000 0000000000000000
0x0000007dd80fec58:   0000000000000000 0000000000000000
0x0000007dd80fec68:   00007ffa7bdb4125 0000000620eb31b0
0x0000007dd80fec78:   000001ce84a9e240 0000007dd80fedc8
0x0000007dd80fec88:   000001ce86e2a11c 00007ffa7c4405f0
0x0000007dd80fec98:   000001ce84a9e240 000000080004f258
0x0000007dd80feca8:   0000000000000002 0000010100000000
0x0000007dd80fecb8:   0000000000000000 0000000000000000
0x0000007dd80fecc8:   00007ffa7bf05fa6 0000007dd80fed70
0x0000007dd80fecd8:   000001ce84a9e240 0000000620c50918
0x0000007dd80fece8:   0000000000000000 0000000620eb31b0
0x0000007dd80fecf8:   000001ce84a9e240 0000007dd80fee00
0x0000007dd80fed08:   00007ffa7bf18f55 0000007dd80fedc8 

Instructions: (pc=0x00007ffad8463b0d)
0x00007ffad8463a0d:   ?? ?? ?? ?? ?? ?? ?? ?? ?? ?? ?? ?? ?? ?? ?? ??
0x00007ffad8463a1d:   ?? ?? ?? ?? ?? ?? ?? ?? ?? ?? ?? ?? ?? ?? ?? ??
0x00007ffad8463a2d:   ?? ?? ?? ?? ?? ?? ?? ?? ?? ?? ?? ?? ?? ?? ?? ??
0x00007ffad8463a3d:   ?? ?? ?? ?? ?? ?? ?? ?? ?? ?? ?? ?? ?? ?? ?? ??
0x00007ffad8463a4d:   ?? ?? ?? ?? ?? ?? ?? ?? ?? ?? ?? ?? ?? ?? ?? ??
0x00007ffad8463a5d:   ?? ?? ?? ?? ?? ?? ?? ?? ?? ?? ?? ?? ?? ?? ?? ??
0x00007ffad8463a6d:   ?? ?? ?? ?? ?? ?? ?? ?? ?? ?? ?? ?? ?? ?? ?? ??
0x00007ffad8463a7d:   ?? ?? ?? ?? ?? ?? ?? ?? ?? ?? ?? ?? ?? ?? ?? ??
0x00007ffad8463a8d:   ?? ?? ?? ?? ?? ?? ?? ?? ?? ?? ?? ?? ?? ?? ?? ??
0x00007ffad8463a9d:   ?? ?? ?? ?? ?? ?? ?? ?? ?? ?? ?? ?? ?? ?? ?? ??
0x00007ffad8463aad:   ?? ?? ?? ?? ?? ?? ?? ?? ?? ?? ?? ?? ?? ?? ?? ??
0x00007ffad8463abd:   ?? ?? ?? ?? ?? ?? ?? ?? ?? ?? ?? ?? ?? ?? ?? ??
0x00007ffad8463acd:   ?? ?? ?? ?? ?? ?? ?? ?? ?? ?? ?? ?? ?? ?? ?? ??
0x00007ffad8463add:   ?? ?? ?? ?? ?? ?? ?? ?? ?? ?? ?? ?? ?? ?? ?? ??
0x00007ffad8463aed:   ?? ?? ?? ?? ?? ?? ?? ?? ?? ?? ?? ?? ?? ?? ?? ??
0x00007ffad8463afd:   ?? ?? ?? ?? ?? ?? ?? ?? ?? ?? ?? ?? ?? ?? ?? ??
0x00007ffad8463b0d:   ?? ?? ?? ?? ?? ?? ?? ?? ?? ?? ?? ?? ?? ?? ?? ??
0x00007ffad8463b1d:   ?? ?? ?? ?? ?? ?? ?? ?? ?? ?? ?? ?? ?? ?? ?? ??
0x00007ffad8463b2d:   ?? ?? ?? ?? ?? ?? ?? ?? ?? ?? ?? ?? ?? ?? ?? ??
0x00007ffad8463b3d:   ?? ?? ?? ?? ?? ?? ?? ?? ?? ?? ?? ?? ?? ?? ?? ??
0x00007ffad8463b4d:   ?? ?? ?? ?? ?? ?? ?? ?? ?? ?? ?? ?? ?? ?? ?? ??
0x00007ffad8463b5d:   ?? ?? ?? ?? ?? ?? ?? ?? ?? ?? ?? ?? ?? ?? ?? ??
0x00007ffad8463b6d:   ?? ?? ?? ?? ?? ?? ?? ?? ?? ?? ?? ?? ?? ?? ?? ??
0x00007ffad8463b7d:   ?? ?? ?? ?? ?? ?? ?? ?? ?? ?? ?? ?? ?? ?? ?? ??
0x00007ffad8463b8d:   ?? ?? ?? ?? ?? ?? ?? ?? ?? ?? ?? ?? ?? ?? ?? ??
0x00007ffad8463b9d:   ?? ?? ?? ?? ?? ?? ?? ?? ?? ?? ?? ?? ?? ?? ?? ??
0x00007ffad8463bad:   ?? ?? ?? ?? ?? ?? ?? ?? ?? ?? ?? ?? ?? ?? ?? ??
0x00007ffad8463bbd:   ?? ?? ?? ?? ?? ?? ?? ?? ?? ?? ?? ?? ?? ?? ?? ??
0x00007ffad8463bcd:   ?? ?? ?? ?? ?? ?? ?? ?? ?? ?? ?? ?? ?? ?? ?? ??
0x00007ffad8463bdd:   ?? ?? ?? ?? ?? ?? ?? ?? ?? ?? ?? ?? ?? ?? ?? ??
0x00007ffad8463bed:   ?? ?? ?? ?? ?? ?? ?? ?? ?? ?? ?? ?? ?? ?? ?? ??
0x00007ffad8463bfd:   ?? ?? ?? ?? ?? ?? ?? ?? ?? ?? ?? ?? ?? ?? ?? ?? 


Stack slot to memory mapping:
stack at sp + 0 slots: 0x000001ce8e24407b is at entry_point+219 in (nmethod*)0x000001ce8e243e10
stack at sp + 1 slots: 0x0000000000000001 is an unknown value
stack at sp + 2 slots: 0x0 is NULL
stack at sp + 3 slots: 0x0000007dd80fec90 is pointing into the stack for thread: 0x000001ce84a9e240
stack at sp + 4 slots: 0x000001ce84a9e240 is a thread
stack at sp + 5 slots: 0x0000000620c50918 is an oop: java.lang.Class 
{0x0000000620c50918} - klass: 'java/lang/Class'
stack at sp + 6 slots: 0x0 is NULL
stack at sp + 7 slots: 0x0 is NULL


---------------  P R O C E S S  ---------------

Threads class SMR info:
_java_thread_list=0x000001ceac963fe0, length=11, elements={
0x000001ce84a9e240, 0x000001ceac83bff0, 0x000001ceac86d030, 0x000001ceac8a1000,
0x000001ceac8a18c0, 0x000001ceac8a43d0, 0x000001ceac8a5200, 0x000001ceac8a8850,
0x000001ceac8b1590, 0x000001ceac9e7cb0, 0x000001ceaca1dc50
}

Java Threads: ( => current thread )
=>0x000001ce84a9e240 JavaThread "main" [_thread_in_native, id=20592, stack(0x0000007dd8000000,0x0000007dd8100000)]
  0x000001ceac83bff0 JavaThread "Reference Handler" daemon [_thread_blocked, id=3484, stack(0x0000007dd8a00000,0x0000007dd8b00000)]
  0x000001ceac86d030 JavaThread "Finalizer" daemon [_thread_blocked, id=11672, stack(0x0000007dd8b00000,0x0000007dd8c00000)]
  0x000001ceac8a1000 JavaThread "Signal Dispatcher" daemon [_thread_blocked, id=14772, stack(0x0000007dd8c00000,0x0000007dd8d00000)]
  0x000001ceac8a18c0 JavaThread "Attach Listener" daemon [_thread_blocked, id=3816, stack(0x0000007dd8d00000,0x0000007dd8e00000)]
  0x000001ceac8a43d0 JavaThread "Service Thread" daemon [_thread_blocked, id=24092, stack(0x0000007dd8e00000,0x0000007dd8f00000)]
  0x000001ceac8a5200 JavaThread "C2 CompilerThread0" daemon [_thread_blocked, id=21680, stack(0x0000007dd8f00000,0x0000007dd9000000)]
  0x000001ceac8a8850 JavaThread "C1 CompilerThread0" daemon [_thread_blocked, id=13416, stack(0x0000007dd9000000,0x0000007dd9100000)]
  0x000001ceac8b1590 JavaThread "Sweeper thread" daemon [_thread_blocked, id=23520, stack(0x0000007dd9100000,0x0000007dd9200000)]
  0x000001ceac9e7cb0 JavaThread "Notification Thread" daemon [_thread_blocked, id=23024, stack(0x0000007dd9200000,0x0000007dd9300000)]
  0x000001ceaca1dc50 JavaThread "Common-Cleaner" daemon [_thread_blocked, id=20672, stack(0x0000007dd9400000,0x0000007dd9500000)]

Other Threads:
  0x000001cea916eb20 VMThread "VM Thread" [stack: 0x0000007dd8900000,0x0000007dd8a00000] [id=3468]
  0x000001ceac9ea190 WatcherThread [stack: 0x0000007dd9300000,0x0000007dd9400000] [id=19476]
  0x000001cea8f788e0 GCTaskThread "GC Thread#0" [stack: 0x0000007dd8400000,0x0000007dd8500000] [id=4736]
  0x000001cea8f890c0 ConcurrentGCThread "G1 Main Marker" [stack: 0x0000007dd8500000,0x0000007dd8600000] [id=22224]
  0x000001cea8f8acf0 ConcurrentGCThread "G1 Conc#0" [stack: 0x0000007dd8600000,0x0000007dd8700000] [id=3892]
  0x000001cea908df60 ConcurrentGCThread "G1 Refine#0" [stack: 0x0000007dd8700000,0x0000007dd8800000] [id=25240]
  0x000001cea908e6b0 ConcurrentGCThread "G1 Young RemSet Sampling" [stack: 0x0000007dd8800000,0x0000007dd8900000] [id=23276]

Threads with active compile tasks:

VM state: not at safepoint (normal execution)

VM Mutex/Monitor currently owned by a thread: None

Heap address: 0x0000000601000000, size: 8176 MB, Compressed Oops mode: Zero based, Oop shift amount: 3
CDS disabled.
Compressed class space mapped at: 0x0000000800000000-0x0000000840000000, size: 1073741824
Narrow klass base: 0x0000000800000000, Narrow klass shift: 0, Narrow klass range: 0x40000000

GC Precious Log:
 CPUs: 16 total, 16 available
 Memory: 32702M
 Large Page Support: Disabled
 NUMA Support: Disabled
 Compressed Oops: Enabled (Zero based)
 Heap Region Size: 4M
 Heap Min Capacity: 8M
 Heap Initial Capacity: 512M
 Heap Max Capacity: 8176M
 Pre-touch: Disabled
 Parallel Workers: 13
 Concurrent Workers: 3
 Concurrent Refinement Workers: 13
 Periodic GC: Disabled

Heap:
 garbage-first heap   total 524288K, used 0K [0x0000000601000000, 0x0000000800000000)
  region size 4096K, 1 young (4096K), 0 survivors (0K)
 Metaspace       used 4250K, capacity 4552K, committed 4864K, reserved 1056768K
  class space    used 353K, capacity 388K, committed 512K, reserved 1048576K

Heap Regions: E=young(eden), S=young(survivor), O=old, HS=humongous(starts), HC=humongous(continues), CS=collection set, F=free, OA=open archive, CA=closed archive, TAMS=top-at-mark-start (previous, next)
|   0|0x0000000601000000, 0x0000000601000000, 0x0000000601400000|  0%| F|  |TAMS 0x0000000601000000, 0x0000000601000000| Untracked 
|   1|0x0000000601400000, 0x0000000601400000, 0x0000000601800000|  0%| F|  |TAMS 0x0000000601400000, 0x0000000601400000| Untracked 
|   2|0x0000000601800000, 0x0000000601800000, 0x0000000601c00000|  0%| F|  |TAMS 0x0000000601800000, 0x0000000601800000| Untracked 
|   3|0x0000000601c00000, 0x0000000601c00000, 0x0000000602000000|  0%| F|  |TAMS 0x0000000601c00000, 0x0000000601c00000| Untracked 
|   4|0x0000000602000000, 0x0000000602000000, 0x0000000602400000|  0%| F|  |TAMS 0x0000000602000000, 0x0000000602000000| Untracked 
|   5|0x0000000602400000, 0x0000000602400000, 0x0000000602800000|  0%| F|  |TAMS 0x0000000602400000, 0x0000000602400000| Untracked 
|   6|0x0000000602800000, 0x0000000602800000, 0x0000000602c00000|  0%| F|  |TAMS 0x0000000602800000, 0x0000000602800000| Untracked 
|   7|0x0000000602c00000, 0x0000000602c00000, 0x0000000603000000|  0%| F|  |TAMS 0x0000000602c00000, 0x0000000602c00000| Untracked 
|   8|0x0000000603000000, 0x0000000603000000, 0x0000000603400000|  0%| F|  |TAMS 0x0000000603000000, 0x0000000603000000| Untracked 
|   9|0x0000000603400000, 0x0000000603400000, 0x0000000603800000|  0%| F|  |TAMS 0x0000000603400000, 0x0000000603400000| Untracked 
|  10|0x0000000603800000, 0x0000000603800000, 0x0000000603c00000|  0%| F|  |TAMS 0x0000000603800000, 0x0000000603800000| Untracked 
|  11|0x0000000603c00000, 0x0000000603c00000, 0x0000000604000000|  0%| F|  |TAMS 0x0000000603c00000, 0x0000000603c00000| Untracked 
|  12|0x0000000604000000, 0x0000000604000000, 0x0000000604400000|  0%| F|  |TAMS 0x0000000604000000, 0x0000000604000000| Untracked 
|  13|0x0000000604400000, 0x0000000604400000, 0x0000000604800000|  0%| F|  |TAMS 0x0000000604400000, 0x0000000604400000| Untracked 
|  14|0x0000000604800000, 0x0000000604800000, 0x0000000604c00000|  0%| F|  |TAMS 0x0000000604800000, 0x0000000604800000| Untracked 
|  15|0x0000000604c00000, 0x0000000604c00000, 0x0000000605000000|  0%| F|  |TAMS 0x0000000604c00000, 0x0000000604c00000| Untracked 
|  16|0x0000000605000000, 0x0000000605000000, 0x0000000605400000|  0%| F|  |TAMS 0x0000000605000000, 0x0000000605000000| Untracked 
|  17|0x0000000605400000, 0x0000000605400000, 0x0000000605800000|  0%| F|  |TAMS 0x0000000605400000, 0x0000000605400000| Untracked 
|  18|0x0000000605800000, 0x0000000605800000, 0x0000000605c00000|  0%| F|  |TAMS 0x0000000605800000, 0x0000000605800000| Untracked 
|  19|0x0000000605c00000, 0x0000000605c00000, 0x0000000606000000|  0%| F|  |TAMS 0x0000000605c00000, 0x0000000605c00000| Untracked 
|  20|0x0000000606000000, 0x0000000606000000, 0x0000000606400000|  0%| F|  |TAMS 0x0000000606000000, 0x0000000606000000| Untracked 
|  21|0x0000000606400000, 0x0000000606400000, 0x0000000606800000|  0%| F|  |TAMS 0x0000000606400000, 0x0000000606400000| Untracked 
|  22|0x0000000606800000, 0x0000000606800000, 0x0000000606c00000|  0%| F|  |TAMS 0x0000000606800000, 0x0000000606800000| Untracked 
|  23|0x0000000606c00000, 0x0000000606c00000, 0x0000000607000000|  0%| F|  |TAMS 0x0000000606c00000, 0x0000000606c00000| Untracked 
|  24|0x0000000607000000, 0x0000000607000000, 0x0000000607400000|  0%| F|  |TAMS 0x0000000607000000, 0x0000000607000000| Untracked 
|  25|0x0000000607400000, 0x0000000607400000, 0x0000000607800000|  0%| F|  |TAMS 0x0000000607400000, 0x0000000607400000| Untracked 
|  26|0x0000000607800000, 0x0000000607800000, 0x0000000607c00000|  0%| F|  |TAMS 0x0000000607800000, 0x0000000607800000| Untracked 
|  27|0x0000000607c00000, 0x0000000607c00000, 0x0000000608000000|  0%| F|  |TAMS 0x0000000607c00000, 0x0000000607c00000| Untracked 
|  28|0x0000000608000000, 0x0000000608000000, 0x0000000608400000|  0%| F|  |TAMS 0x0000000608000000, 0x0000000608000000| Untracked 
|  29|0x0000000608400000, 0x0000000608400000, 0x0000000608800000|  0%| F|  |TAMS 0x0000000608400000, 0x0000000608400000| Untracked 
|  30|0x0000000608800000, 0x0000000608800000, 0x0000000608c00000|  0%| F|  |TAMS 0x0000000608800000, 0x0000000608800000| Untracked 
|  31|0x0000000608c00000, 0x0000000608c00000, 0x0000000609000000|  0%| F|  |TAMS 0x0000000608c00000, 0x0000000608c00000| Untracked 
|  32|0x0000000609000000, 0x0000000609000000, 0x0000000609400000|  0%| F|  |TAMS 0x0000000609000000, 0x0000000609000000| Untracked 
|  33|0x0000000609400000, 0x0000000609400000, 0x0000000609800000|  0%| F|  |TAMS 0x0000000609400000, 0x0000000609400000| Untracked 
|  34|0x0000000609800000, 0x0000000609800000, 0x0000000609c00000|  0%| F|  |TAMS 0x0000000609800000, 0x0000000609800000| Untracked 
|  35|0x0000000609c00000, 0x0000000609c00000, 0x000000060a000000|  0%| F|  |TAMS 0x0000000609c00000, 0x0000000609c00000| Untracked 
|  36|0x000000060a000000, 0x000000060a000000, 0x000000060a400000|  0%| F|  |TAMS 0x000000060a000000, 0x000000060a000000| Untracked 
|  37|0x000000060a400000, 0x000000060a400000, 0x000000060a800000|  0%| F|  |TAMS 0x000000060a400000, 0x000000060a400000| Untracked 
|  38|0x000000060a800000, 0x000000060a800000, 0x000000060ac00000|  0%| F|  |TAMS 0x000000060a800000, 0x000000060a800000| Untracked 
|  39|0x000000060ac00000, 0x000000060ac00000, 0x000000060b000000|  0%| F|  |TAMS 0x000000060ac00000, 0x000000060ac00000| Untracked 
|  40|0x000000060b000000, 0x000000060b000000, 0x000000060b400000|  0%| F|  |TAMS 0x000000060b000000, 0x000000060b000000| Untracked 
|  41|0x000000060b400000, 0x000000060b400000, 0x000000060b800000|  0%| F|  |TAMS 0x000000060b400000, 0x000000060b400000| Untracked 
|  42|0x000000060b800000, 0x000000060b800000, 0x000000060bc00000|  0%| F|  |TAMS 0x000000060b800000, 0x000000060b800000| Untracked 
|  43|0x000000060bc00000, 0x000000060bc00000, 0x000000060c000000|  0%| F|  |TAMS 0x000000060bc00000, 0x000000060bc00000| Untracked 
|  44|0x000000060c000000, 0x000000060c000000, 0x000000060c400000|  0%| F|  |TAMS 0x000000060c000000, 0x000000060c000000| Untracked 
|  45|0x000000060c400000, 0x000000060c400000, 0x000000060c800000|  0%| F|  |TAMS 0x000000060c400000, 0x000000060c400000| Untracked 
|  46|0x000000060c800000, 0x000000060c800000, 0x000000060cc00000|  0%| F|  |TAMS 0x000000060c800000, 0x000000060c800000| Untracked 
|  47|0x000000060cc00000, 0x000000060cc00000, 0x000000060d000000|  0%| F|  |TAMS 0x000000060cc00000, 0x000000060cc00000| Untracked 
|  48|0x000000060d000000, 0x000000060d000000, 0x000000060d400000|  0%| F|  |TAMS 0x000000060d000000, 0x000000060d000000| Untracked 
|  49|0x000000060d400000, 0x000000060d400000, 0x000000060d800000|  0%| F|  |TAMS 0x000000060d400000, 0x000000060d400000| Untracked 
|  50|0x000000060d800000, 0x000000060d800000, 0x000000060dc00000|  0%| F|  |TAMS 0x000000060d800000, 0x000000060d800000| Untracked 
|  51|0x000000060dc00000, 0x000000060dc00000, 0x000000060e000000|  0%| F|  |TAMS 0x000000060dc00000, 0x000000060dc00000| Untracked 
|  52|0x000000060e000000, 0x000000060e000000, 0x000000060e400000|  0%| F|  |TAMS 0x000000060e000000, 0x000000060e000000| Untracked 
|  53|0x000000060e400000, 0x000000060e400000, 0x000000060e800000|  0%| F|  |TAMS 0x000000060e400000, 0x000000060e400000| Untracked 
|  54|0x000000060e800000, 0x000000060e800000, 0x000000060ec00000|  0%| F|  |TAMS 0x000000060e800000, 0x000000060e800000| Untracked 
|  55|0x000000060ec00000, 0x000000060ec00000, 0x000000060f000000|  0%| F|  |TAMS 0x000000060ec00000, 0x000000060ec00000| Untracked 
|  56|0x000000060f000000, 0x000000060f000000, 0x000000060f400000|  0%| F|  |TAMS 0x000000060f000000, 0x000000060f000000| Untracked 
|  57|0x000000060f400000, 0x000000060f400000, 0x000000060f800000|  0%| F|  |TAMS 0x000000060f400000, 0x000000060f400000| Untracked 
|  58|0x000000060f800000, 0x000000060f800000, 0x000000060fc00000|  0%| F|  |TAMS 0x000000060f800000, 0x000000060f800000| Untracked 
|  59|0x000000060fc00000, 0x000000060fc00000, 0x0000000610000000|  0%| F|  |TAMS 0x000000060fc00000, 0x000000060fc00000| Untracked 
|  60|0x0000000610000000, 0x0000000610000000, 0x0000000610400000|  0%| F|  |TAMS 0x0000000610000000, 0x0000000610000000| Untracked 
|  61|0x0000000610400000, 0x0000000610400000, 0x0000000610800000|  0%| F|  |TAMS 0x0000000610400000, 0x0000000610400000| Untracked 
|  62|0x0000000610800000, 0x0000000610800000, 0x0000000610c00000|  0%| F|  |TAMS 0x0000000610800000, 0x0000000610800000| Untracked 
|  63|0x0000000610c00000, 0x0000000610c00000, 0x0000000611000000|  0%| F|  |TAMS 0x0000000610c00000, 0x0000000610c00000| Untracked 
|  64|0x0000000611000000, 0x0000000611000000, 0x0000000611400000|  0%| F|  |TAMS 0x0000000611000000, 0x0000000611000000| Untracked 
|  65|0x0000000611400000, 0x0000000611400000, 0x0000000611800000|  0%| F|  |TAMS 0x0000000611400000, 0x0000000611400000| Untracked 
|  66|0x0000000611800000, 0x0000000611800000, 0x0000000611c00000|  0%| F|  |TAMS 0x0000000611800000, 0x0000000611800000| Untracked 
|  67|0x0000000611c00000, 0x0000000611c00000, 0x0000000612000000|  0%| F|  |TAMS 0x0000000611c00000, 0x0000000611c00000| Untracked 
|  68|0x0000000612000000, 0x0000000612000000, 0x0000000612400000|  0%| F|  |TAMS 0x0000000612000000, 0x0000000612000000| Untracked 
|  69|0x0000000612400000, 0x0000000612400000, 0x0000000612800000|  0%| F|  |TAMS 0x0000000612400000, 0x0000000612400000| Untracked 
|  70|0x0000000612800000, 0x0000000612800000, 0x0000000612c00000|  0%| F|  |TAMS 0x0000000612800000, 0x0000000612800000| Untracked 
|  71|0x0000000612c00000, 0x0000000612c00000, 0x0000000613000000|  0%| F|  |TAMS 0x0000000612c00000, 0x0000000612c00000| Untracked 
|  72|0x0000000613000000, 0x0000000613000000, 0x0000000613400000|  0%| F|  |TAMS 0x0000000613000000, 0x0000000613000000| Untracked 
|  73|0x0000000613400000, 0x0000000613400000, 0x0000000613800000|  0%| F|  |TAMS 0x0000000613400000, 0x0000000613400000| Untracked 
|  74|0x0000000613800000, 0x0000000613800000, 0x0000000613c00000|  0%| F|  |TAMS 0x0000000613800000, 0x0000000613800000| Untracked 
|  75|0x0000000613c00000, 0x0000000613c00000, 0x0000000614000000|  0%| F|  |TAMS 0x0000000613c00000, 0x0000000613c00000| Untracked 
|  76|0x0000000614000000, 0x0000000614000000, 0x0000000614400000|  0%| F|  |TAMS 0x0000000614000000, 0x0000000614000000| Untracked 
|  77|0x0000000614400000, 0x0000000614400000, 0x0000000614800000|  0%| F|  |TAMS 0x0000000614400000, 0x0000000614400000| Untracked 
|  78|0x0000000614800000, 0x0000000614800000, 0x0000000614c00000|  0%| F|  |TAMS 0x0000000614800000, 0x0000000614800000| Untracked 
|  79|0x0000000614c00000, 0x0000000614c00000, 0x0000000615000000|  0%| F|  |TAMS 0x0000000614c00000, 0x0000000614c00000| Untracked 
|  80|0x0000000615000000, 0x0000000615000000, 0x0000000615400000|  0%| F|  |TAMS 0x0000000615000000, 0x0000000615000000| Untracked 
|  81|0x0000000615400000, 0x0000000615400000, 0x0000000615800000|  0%| F|  |TAMS 0x0000000615400000, 0x0000000615400000| Untracked 
|  82|0x0000000615800000, 0x0000000615800000, 0x0000000615c00000|  0%| F|  |TAMS 0x0000000615800000, 0x0000000615800000| Untracked 
|  83|0x0000000615c00000, 0x0000000615c00000, 0x0000000616000000|  0%| F|  |TAMS 0x0000000615c00000, 0x0000000615c00000| Untracked 
|  84|0x0000000616000000, 0x0000000616000000, 0x0000000616400000|  0%| F|  |TAMS 0x0000000616000000, 0x0000000616000000| Untracked 
|  85|0x0000000616400000, 0x0000000616400000, 0x0000000616800000|  0%| F|  |TAMS 0x0000000616400000, 0x0000000616400000| Untracked 
|  86|0x0000000616800000, 0x0000000616800000, 0x0000000616c00000|  0%| F|  |TAMS 0x0000000616800000, 0x0000000616800000| Untracked 
|  87|0x0000000616c00000, 0x0000000616c00000, 0x0000000617000000|  0%| F|  |TAMS 0x0000000616c00000, 0x0000000616c00000| Untracked 
|  88|0x0000000617000000, 0x0000000617000000, 0x0000000617400000|  0%| F|  |TAMS 0x0000000617000000, 0x0000000617000000| Untracked 
|  89|0x0000000617400000, 0x0000000617400000, 0x0000000617800000|  0%| F|  |TAMS 0x0000000617400000, 0x0000000617400000| Untracked 
|  90|0x0000000617800000, 0x0000000617800000, 0x0000000617c00000|  0%| F|  |TAMS 0x0000000617800000, 0x0000000617800000| Untracked 
|  91|0x0000000617c00000, 0x0000000617c00000, 0x0000000618000000|  0%| F|  |TAMS 0x0000000617c00000, 0x0000000617c00000| Untracked 
|  92|0x0000000618000000, 0x0000000618000000, 0x0000000618400000|  0%| F|  |TAMS 0x0000000618000000, 0x0000000618000000| Untracked 
|  93|0x0000000618400000, 0x0000000618400000, 0x0000000618800000|  0%| F|  |TAMS 0x0000000618400000, 0x0000000618400000| Untracked 
|  94|0x0000000618800000, 0x0000000618800000, 0x0000000618c00000|  0%| F|  |TAMS 0x0000000618800000, 0x0000000618800000| Untracked 
|  95|0x0000000618c00000, 0x0000000618c00000, 0x0000000619000000|  0%| F|  |TAMS 0x0000000618c00000, 0x0000000618c00000| Untracked 
|  96|0x0000000619000000, 0x0000000619000000, 0x0000000619400000|  0%| F|  |TAMS 0x0000000619000000, 0x0000000619000000| Untracked 
|  97|0x0000000619400000, 0x0000000619400000, 0x0000000619800000|  0%| F|  |TAMS 0x0000000619400000, 0x0000000619400000| Untracked 
|  98|0x0000000619800000, 0x0000000619800000, 0x0000000619c00000|  0%| F|  |TAMS 0x0000000619800000, 0x0000000619800000| Untracked 
|  99|0x0000000619c00000, 0x0000000619c00000, 0x000000061a000000|  0%| F|  |TAMS 0x0000000619c00000, 0x0000000619c00000| Untracked 
| 100|0x000000061a000000, 0x000000061a000000, 0x000000061a400000|  0%| F|  |TAMS 0x000000061a000000, 0x000000061a000000| Untracked 
| 101|0x000000061a400000, 0x000000061a400000, 0x000000061a800000|  0%| F|  |TAMS 0x000000061a400000, 0x000000061a400000| Untracked 
| 102|0x000000061a800000, 0x000000061a800000, 0x000000061ac00000|  0%| F|  |TAMS 0x000000061a800000, 0x000000061a800000| Untracked 
| 103|0x000000061ac00000, 0x000000061ac00000, 0x000000061b000000|  0%| F|  |TAMS 0x000000061ac00000, 0x000000061ac00000| Untracked 
| 104|0x000000061b000000, 0x000000061b000000, 0x000000061b400000|  0%| F|  |TAMS 0x000000061b000000, 0x000000061b000000| Untracked 
| 105|0x000000061b400000, 0x000000061b400000, 0x000000061b800000|  0%| F|  |TAMS 0x000000061b400000, 0x000000061b400000| Untracked 
| 106|0x000000061b800000, 0x000000061b800000, 0x000000061bc00000|  0%| F|  |TAMS 0x000000061b800000, 0x000000061b800000| Untracked 
| 107|0x000000061bc00000, 0x000000061bc00000, 0x000000061c000000|  0%| F|  |TAMS 0x000000061bc00000, 0x000000061bc00000| Untracked 
| 108|0x000000061c000000, 0x000000061c000000, 0x000000061c400000|  0%| F|  |TAMS 0x000000061c000000, 0x000000061c000000| Untracked 
| 109|0x000000061c400000, 0x000000061c400000, 0x000000061c800000|  0%| F|  |TAMS 0x000000061c400000, 0x000000061c400000| Untracked 
| 110|0x000000061c800000, 0x000000061c800000, 0x000000061cc00000|  0%| F|  |TAMS 0x000000061c800000, 0x000000061c800000| Untracked 
| 111|0x000000061cc00000, 0x000000061cc00000, 0x000000061d000000|  0%| F|  |TAMS 0x000000061cc00000, 0x000000061cc00000| Untracked 
| 112|0x000000061d000000, 0x000000061d000000, 0x000000061d400000|  0%| F|  |TAMS 0x000000061d000000, 0x000000061d000000| Untracked 
| 113|0x000000061d400000, 0x000000061d400000, 0x000000061d800000|  0%| F|  |TAMS 0x000000061d400000, 0x000000061d400000| Untracked 
| 114|0x000000061d800000, 0x000000061d800000, 0x000000061dc00000|  0%| F|  |TAMS 0x000000061d800000, 0x000000061d800000| Untracked 
| 115|0x000000061dc00000, 0x000000061dc00000, 0x000000061e000000|  0%| F|  |TAMS 0x000000061dc00000, 0x000000061dc00000| Untracked 
| 116|0x000000061e000000, 0x000000061e000000, 0x000000061e400000|  0%| F|  |TAMS 0x000000061e000000, 0x000000061e000000| Untracked 
| 117|0x000000061e400000, 0x000000061e400000, 0x000000061e800000|  0%| F|  |TAMS 0x000000061e400000, 0x000000061e400000| Untracked 
| 118|0x000000061e800000, 0x000000061e800000, 0x000000061ec00000|  0%| F|  |TAMS 0x000000061e800000, 0x000000061e800000| Untracked 
| 119|0x000000061ec00000, 0x000000061ec00000, 0x000000061f000000|  0%| F|  |TAMS 0x000000061ec00000, 0x000000061ec00000| Untracked 
| 120|0x000000061f000000, 0x000000061f000000, 0x000000061f400000|  0%| F|  |TAMS 0x000000061f000000, 0x000000061f000000| Untracked 
| 121|0x000000061f400000, 0x000000061f400000, 0x000000061f800000|  0%| F|  |TAMS 0x000000061f400000, 0x000000061f400000| Untracked 
| 122|0x000000061f800000, 0x000000061f800000, 0x000000061fc00000|  0%| F|  |TAMS 0x000000061f800000, 0x000000061f800000| Untracked 
| 123|0x000000061fc00000, 0x000000061fc00000, 0x0000000620000000|  0%| F|  |TAMS 0x000000061fc00000, 0x000000061fc00000| Untracked 
| 124|0x0000000620000000, 0x0000000620000000, 0x0000000620400000|  0%| F|  |TAMS 0x0000000620000000, 0x0000000620000000| Untracked 
| 125|0x0000000620400000, 0x0000000620400000, 0x0000000620800000|  0%| F|  |TAMS 0x0000000620400000, 0x0000000620400000| Untracked 
| 126|0x0000000620800000, 0x0000000620800000, 0x0000000620c00000|  0%| F|  |TAMS 0x0000000620800000, 0x0000000620800000| Untracked 
| 127|0x0000000620c00000, 0x0000000620ee16c8, 0x0000000621000000| 72%| E|  |TAMS 0x0000000620c00000, 0x0000000620c00000| Complete 

Card table byte_map: [0x000001ce96f20000,0x000001ce97f20000] _byte_map_base: 0x000001ce93f18000

Marking Bits (Prev, Next): (CMBitMap*) 0x000001ce84b0e7a0, (CMBitMap*) 0x000001ce84b0e7e0
 Prev Bits: [0x000001ce98f20000, 0x000001cea0ee0000)
 Next Bits: [0x000001cea0ee0000, 0x000001cea8ea0000)

Polling page: 0x000001ce84210000

Metaspace:

Usage:
  Non-class:      4.07 MB capacity,     3.81 MB ( 94%) used,   265.90 KB (  6%) free+waste,   192 bytes ( <1%) overhead. 
      Class:    388.00 KB capacity,   353.02 KB ( 91%) used,    34.80 KB (  9%) free+waste,   192 bytes ( <1%) overhead. 
       Both:      4.45 MB capacity,     4.15 MB ( 93%) used,   300.70 KB (  7%) free+waste,   384 bytes ( <1%) overhead. 

Virtual space:
  Non-class space:        8.00 MB reserved,       4.25 MB ( 53%) committed 
      Class space:        1.00 GB reserved,     512.00 KB ( <1%) committed 
             Both:        1.01 GB reserved,       4.75 MB ( <1%) committed 

Chunk freelists:
   Non-Class:  60.00 KB
       Class:  0 bytes
        Both:  60.00 KB

MaxMetaspaceSize: 17179869184.00 GB
CompressedClassSpaceSize: 1.00 GB

CodeHeap 'non-profiled nmethods': size=119168Kb used=35Kb max_used=35Kb free=119132Kb
 bounds [0x000001ce8e240000, 0x000001ce8e4b0000, 0x000001ce956a0000]
CodeHeap 'profiled nmethods': size=119104Kb used=401Kb max_used=401Kb free=118702Kb
 bounds [0x000001ce86df0000, 0x000001ce87060000, 0x000001ce8e240000]
CodeHeap 'non-nmethods': size=7488Kb used=1060Kb max_used=2750Kb free=6428Kb
 bounds [0x000001ce866a0000, 0x000001ce86960000, 0x000001ce86df0000]
 total_blobs=502 nmethods=219 adapters=196
 compilation: enabled
              stopped_count=0, restarted_count=0
 full_count=0

Compilation events (20 events):
Event: 515.632 Thread 0x000001ceac962ff0  209       3       sun.nio.cs.StreamEncoder::implFlushBuffer (15 bytes)
Event: 515.632 Thread 0x000001ceac8a8850 nmethod 208 0x000001ce86e4fb90 code [0x000001ce86e4fd20, 0x000001ce86e4fe78]
Event: 515.632 Thread 0x000001ceac8a8850  210       3       sun.nio.cs.StreamEncoder::writeBytes (132 bytes)
Event: 515.632 Thread 0x000001ceac93de20 nmethod 207 0x000001ce86e4ff10 code [0x000001ce86e50100, 0x000001ce86e505b8]
Event: 515.633 Thread 0x000001ceac93de20  211       3       java.nio.ByteBuffer::flip (7 bytes)
Event: 515.633 Thread 0x000001ceac962ff0 nmethod 209 0x000001ce86e50810 code [0x000001ce86e509c0, 0x000001ce86e50b48]
Event: 515.633 Thread 0x000001ceac962ff0  212       3       java.nio.Buffer::flip (20 bytes)
Event: 515.633 Thread 0x000001ceac93de20 nmethod 211 0x000001ce86e50c10 code [0x000001ce86e50da0, 0x000001ce86e50f18]
Event: 515.633 Thread 0x000001ceac93de20  213   !   3       java.io.PrintStream::write (69 bytes)
Event: 515.633 Thread 0x000001ceac962ff0 nmethod 212 0x000001ce86e51010 code [0x000001ce86e511a0, 0x000001ce86e512b8]
Event: 515.633 Thread 0x000001ceac962ff0  214  s    3       java.io.BufferedOutputStream::write (67 bytes)
Event: 515.633 Thread 0x000001ceac8a8850 nmethod 210 0x000001ce86e51390 code [0x000001ce86e515e0, 0x000001ce86e51f78]
Event: 515.633 Thread 0x000001ceac8a8850  215       3       java.io.BufferedOutputStream::flushBuffer (29 bytes)
Event: 515.633 Thread 0x000001ceac93de20 nmethod 213 0x000001ce86e52290 code [0x000001ce86e524a0, 0x000001ce86e52b38]
Event: 515.633 Thread 0x000001ceac8a8850 nmethod 215 0x000001ce86e52e90 code [0x000001ce86e53040, 0x000001ce86e53268]
Event: 515.633 Thread 0x000001ceac93de20  216       3       java.io.FileOutputStream::write (20 bytes)
Event: 515.633 Thread 0x000001ceac8a8850  217       3       java.io.FileDescriptor$1::getAppend (5 bytes)
Event: 515.633 Thread 0x000001ceac962ff0 nmethod 214 0x000001ce86e53310 code [0x000001ce86e53500, 0x000001ce86e53c58]
Event: 515.633 Thread 0x000001ceac8a8850 nmethod 217 0x000001ce86e53e90 code [0x000001ce86e54020, 0x000001ce86e54138]
Event: 515.633 Thread 0x000001ceac93de20 nmethod 216 0x000001ce86e54210 code [0x000001ce86e543c0, 0x000001ce86e54568]

GC Heap History (0 events):
No events

Deoptimization events (0 events):
No events

Classes unloaded (0 events):
No events

Classes redefined (0 events):
No events

Internal exceptions (20 events):
Event: 665.807 Thread 0x000001ce84a9e240 Exception <a 'sun/nio/fs/WindowsException'{0x0000000620eadba8}> (0x0000000620eadba8) 
thrown [./open/src/hotspot/share/prims/jni.cpp, line 578]
Event: 665.807 Thread 0x000001ce84a9e240 Exception <a 'java/io/IOException'{0x0000000620eae258}> (0x0000000620eae258) 
thrown [./open/src/hotspot/share/prims/jni.cpp, line 578]
Event: 666.808 Thread 0x000001ce84a9e240 Exception <a 'sun/nio/fs/WindowsException'{0x0000000620eae700}> (0x0000000620eae700) 
thrown [./open/src/hotspot/share/prims/jni.cpp, line 578]
Event: 666.808 Thread 0x000001ce84a9e240 Exception <a 'sun/nio/fs/WindowsException'{0x0000000620eae830}> (0x0000000620eae830) 
thrown [./open/src/hotspot/share/prims/jni.cpp, line 578]
Event: 666.808 Thread 0x000001ce84a9e240 Exception <a 'java/io/IOException'{0x0000000620eaeee0}> (0x0000000620eaeee0) 
thrown [./open/src/hotspot/share/prims/jni.cpp, line 578]
Event: 667.810 Thread 0x000001ce84a9e240 Exception <a 'sun/nio/fs/WindowsException'{0x0000000620eaf388}> (0x0000000620eaf388) 
thrown [./open/src/hotspot/share/prims/jni.cpp, line 578]
Event: 667.810 Thread 0x000001ce84a9e240 Exception <a 'sun/nio/fs/WindowsException'{0x0000000620eaf4b8}> (0x0000000620eaf4b8) 
thrown [./open/src/hotspot/share/prims/jni.cpp, line 578]
Event: 667.810 Thread 0x000001ce84a9e240 Exception <a 'java/io/IOException'{0x0000000620eafb68}> (0x0000000620eafb68) 
thrown [./open/src/hotspot/share/prims/jni.cpp, line 578]
Event: 668.823 Thread 0x000001ce84a9e240 Exception <a 'sun/nio/fs/WindowsException'{0x0000000620eb0010}> (0x0000000620eb0010) 
thrown [./open/src/hotspot/share/prims/jni.cpp, line 578]
Event: 668.823 Thread 0x000001ce84a9e240 Exception <a 'sun/nio/fs/WindowsException'{0x0000000620eb0140}> (0x0000000620eb0140) 
thrown [./open/src/hotspot/share/prims/jni.cpp, line 578]
Event: 668.823 Thread 0x000001ce84a9e240 Exception <a 'java/io/IOException'{0x0000000620eb07f0}> (0x0000000620eb07f0) 
thrown [./open/src/hotspot/share/prims/jni.cpp, line 578]
Event: 669.827 Thread 0x000001ce84a9e240 Exception <a 'sun/nio/fs/WindowsException'{0x0000000620eb0c98}> (0x0000000620eb0c98) 
thrown [./open/src/hotspot/share/prims/jni.cpp, line 578]
Event: 669.828 Thread 0x000001ce84a9e240 Exception <a 'sun/nio/fs/WindowsException'{0x0000000620eb0dc8}> (0x0000000620eb0dc8) 
thrown [./open/src/hotspot/share/prims/jni.cpp, line 578]
Event: 669.828 Thread 0x000001ce84a9e240 Exception <a 'java/io/IOException'{0x0000000620eb1478}> (0x0000000620eb1478) 
thrown [./open/src/hotspot/share/prims/jni.cpp, line 578]
Event: 670.842 Thread 0x000001ce84a9e240 Exception <a 'sun/nio/fs/WindowsException'{0x0000000620eb1920}> (0x0000000620eb1920) 
thrown [./open/src/hotspot/share/prims/jni.cpp, line 578]
Event: 670.842 Thread 0x000001ce84a9e240 Exception <a 'sun/nio/fs/WindowsException'{0x0000000620eb1a50}> (0x0000000620eb1a50) 
thrown [./open/src/hotspot/share/prims/jni.cpp, line 578]
Event: 670.843 Thread 0x000001ce84a9e240 Exception <a 'java/io/IOException'{0x0000000620eb2100}> (0x0000000620eb2100) 
thrown [./open/src/hotspot/share/prims/jni.cpp, line 578]
Event: 671.844 Thread 0x000001ce84a9e240 Exception <a 'sun/nio/fs/WindowsException'{0x0000000620eb25a8}> (0x0000000620eb25a8) 
thrown [./open/src/hotspot/share/prims/jni.cpp, line 578]
Event: 671.844 Thread 0x000001ce84a9e240 Exception <a 'sun/nio/fs/WindowsException'{0x0000000620eb26d8}> (0x0000000620eb26d8) 
thrown [./open/src/hotspot/share/prims/jni.cpp, line 578]
Event: 671.844 Thread 0x000001ce84a9e240 Exception <a 'java/io/IOException'{0x0000000620eb2d88}> (0x0000000620eb2d88) 
thrown [./open/src/hotspot/share/prims/jni.cpp, line 578]

Events (20 events):
Event: 185.696 loading class java/io/InterruptedIOException
Event: 185.696 loading class java/io/InterruptedIOException done
Event: 192.735 Thread 0x000001ceaca9e790 Thread added: 0x000001ceaca9e790
Event: 192.735 Thread 0x000001ceaca9eca0 Thread added: 0x000001ceaca9eca0
Event: 192.735 Thread 0x000001ceaca9f1b0 Thread added: 0x000001ceaca9f1b0
Event: 194.738 Thread 0x000001ceaca9eca0 Thread exited: 0x000001ceaca9eca0
Event: 194.738 Thread 0x000001ceaca9f1b0 Thread exited: 0x000001ceaca9f1b0
Event: 199.742 Thread 0x000001ceaca9e790 Thread exited: 0x000001ceaca9e790
Event: 386.553 Thread 0x000001ceac93d120 Thread added: 0x000001ceac93d120
Event: 386.554 Loaded shared library D:\Users\jeuxj\Documents\Source Projects Dev\NovelRT\src\NovelRT.Java\sample-kotlin\build\image\bin\nio.dll
Event: 386.554 Thread 0x000001ceac93de20 Thread added: 0x000001ceac93de20
Event: 386.554 Thread 0x000001ceac962ff0 Thread added: 0x000001ceac962ff0
Event: 391.557 Thread 0x000001ceac962ff0 Thread exited: 0x000001ceac962ff0
Event: 396.564 Thread 0x000001ceac93de20 Thread exited: 0x000001ceac93de20
Event: 396.564 Thread 0x000001ceac93d120 Thread exited: 0x000001ceac93d120
Event: 515.632 Thread 0x000001ceac93de20 Thread added: 0x000001ceac93de20
Event: 515.632 Thread 0x000001ceac962ff0 Thread added: 0x000001ceac962ff0
Event: 515.633 Loaded shared library D:\Users\jeuxj\Documents\Source Projects Dev\NovelRT\src\NovelRT.Java\sample-kotlin\build\image\bin\java.dll
Event: 520.636 Thread 0x000001ceac962ff0 Thread exited: 0x000001ceac962ff0
Event: 525.639 Thread 0x000001ceac93de20 Thread exited: 0x000001ceac93de20


Dynamic libraries:
0x00007ff6493d0000 - 0x00007ff6494a5000 	D:\Users\jeuxj\Documents\Source Projects Dev\NovelRT\src\NovelRT.Java\sample-kotlin\build\image\JavaBootstrapper.exe
0x00007ffb1f9c0000 - 0x00007ffb1fbcf000 	C:\WINDOWS\SYSTEM32\ntdll.dll
0x00007ffb1e3b0000 - 0x00007ffb1e46d000 	C:\WINDOWS\System32\KERNEL32.DLL
0x00007ffb1d000000 - 0x00007ffb1d38e000 	C:\WINDOWS\System32\KERNELBASE.dll
0x00007ffb1d700000 - 0x00007ffb1d811000 	C:\WINDOWS\System32\ucrtbase.dll
0x00007ffafdd10000 - 0x00007ffafdd9e000 	C:\WINDOWS\SYSTEM32\MSVCP140.dll
0x00007ffb0d6f0000 - 0x00007ffb0d70b000 	C:\WINDOWS\SYSTEM32\VCRUNTIME140.dll
0x00007ffafe320000 - 0x00007ffafe32c000 	C:\WINDOWS\SYSTEM32\VCRUNTIME140_1.dll
0x00007ffa7bbd0000 - 0x00007ffa7c72c000 	D:\Users\jeuxj\Documents\Source Projects Dev\NovelRT\src\NovelRT.Java\sample-kotlin\build\image\bin\server\jvm.dll
0x00007ffad3100000 - 0x00007ffad32e2000 	D:\Users\jeuxj\Documents\Source Projects Dev\NovelRT\src\NovelRT.Java\sample-kotlin\build\image\NovelRT.Interop.dll
0x00007ffb1ed20000 - 0x00007ffb1eeca000 	C:\WINDOWS\System32\USER32.dll
0x00007ffb1d6d0000 - 0x00007ffb1d6f6000 	C:\WINDOWS\System32\win32u.dll
0x00007ffade2a0000 - 0x00007ffade2de000 	D:\Users\jeuxj\Documents\Source Projects Dev\NovelRT\src\NovelRT.Java\sample-kotlin\build\image\glfw3.dll
0x00007ffa99bd0000 - 0x00007ffa9a1c4000 	D:\Users\jeuxj\Documents\Source Projects Dev\NovelRT\src\NovelRT.Java\sample-kotlin\build\image\NovelRT.dll
0x00007ffb1ef80000 - 0x00007ffb1efa9000 	C:\WINDOWS\System32\GDI32.dll
0x00007ffb1cee0000 - 0x00007ffb1cff7000 	C:\WINDOWS\System32\gdi32full.dll
0x00007ffb1f130000 - 0x00007ffb1f8e8000 	C:\WINDOWS\System32\SHELL32.dll
0x00007ffb1d570000 - 0x00007ffb1d60a000 	C:\WINDOWS\System32\msvcp_win.dll
0x00007ffb1eed0000 - 0x00007ffb1ef7e000 	C:\WINDOWS\System32\ADVAPI32.dll
0x00007ffb1d820000 - 0x00007ffb1d8c4000 	C:\WINDOWS\System32\msvcrt.dll
0x00007ffadac70000 - 0x00007ffadac96000 	D:\Users\jeuxj\Documents\Source Projects Dev\NovelRT\src\NovelRT.Java\sample-kotlin\build\image\nethost.dll
0x00007ffad42b0000 - 0x00007ffad4374000 	D:\Users\jeuxj\Documents\Source Projects Dev\NovelRT\src\NovelRT.Java\sample-kotlin\build\image\freetype.dll
0x00007ffb1e550000 - 0x00007ffb1e5f2000 	C:\WINDOWS\System32\sechost.dll
0x00007ffb1e8c0000 - 0x00007ffb1e9df000 	C:\WINDOWS\System32\RPCRT4.dll
0x00007ffad1f10000 - 0x00007ffad204e000 	D:\Users\jeuxj\Documents\Source Projects Dev\NovelRT\src\NovelRT.Java\sample-kotlin\build\image\OpenAL32.dll
0x00007ffb1e390000 - 0x00007ffb1e398000 	C:\WINDOWS\System32\PSAPI.DLL
0x00007ffb1e6e0000 - 0x00007ffb1e879000 	C:\WINDOWS\System32\ole32.dll
0x00007ffac96c0000 - 0x00007ffac986f000 	D:\Users\jeuxj\Documents\Source Projects Dev\NovelRT\src\NovelRT.Java\sample-kotlin\build\image\sndfile.dll
0x00007ffb1dfb0000 - 0x00007ffb1e32c000 	C:\WINDOWS\System32\combase.dll
0x00007ffad87f0000 - 0x00007ffad8814000 	D:\Users\jeuxj\Documents\Source Projects Dev\NovelRT\src\NovelRT.Java\sample-kotlin\build\image\fmt.dll
0x00007ffad7120000 - 0x00007ffad7170000 	D:\Users\jeuxj\Documents\Source Projects Dev\NovelRT\src\NovelRT.Java\sample-kotlin\build\image\tbb12.dll
0x00007ffad6db0000 - 0x00007ffad6e03000 	D:\Users\jeuxj\Documents\Source Projects Dev\NovelRT\src\NovelRT.Java\sample-kotlin\build\image\vulkan-1.dll
0x00007ffaf9f20000 - 0x00007ffaf9f29000 	C:\WINDOWS\SYSTEM32\WSOCK32.dll
0x00007ffb14de0000 - 0x00007ffb14e14000 	C:\WINDOWS\SYSTEM32\WINMM.dll
0x00007ffb1eb50000 - 0x00007ffb1ebc1000 	C:\WINDOWS\System32\WS2_32.dll
0x00007ffb11ea0000 - 0x00007ffb11eaa000 	C:\WINDOWS\SYSTEM32\VERSION.dll
0x00007ffb1ca80000 - 0x00007ffb1cacd000 	C:\WINDOWS\SYSTEM32\CFGMGR32.dll
0x00007ffb1e880000 - 0x00007ffb1e8b1000 	C:\WINDOWS\System32\IMM32.DLL
0x00007ffad7730000 - 0x00007ffad776c000 	D:\Users\jeuxj\Documents\Source Projects Dev\NovelRT\src\NovelRT.Java\sample-kotlin\build\image\tbbmalloc.dll
0x00007ffb1a610000 - 0x00007ffb1a705000 	C:\WINDOWS\system32\dxgi.dll
0x00007ffb0c8e0000 - 0x00007ffb0cb06000 	C:\WINDOWS\SYSTEM32\DBGHELP.DLL
0x00007ffb1e600000 - 0x00007ffb1e6d7000 	C:\WINDOWS\System32\OLEAUT32.dll
0x00007ffafe6f0000 - 0x00007ffafe721000 	C:\WINDOWS\SYSTEM32\dbgcore.DLL
0x00007ffb1d390000 - 0x00007ffb1d40b000 	C:\WINDOWS\System32\bcryptPrimitives.dll
0x00007ffb1beb0000 - 0x00007ffb1bec8000 	C:\WINDOWS\SYSTEM32\kernel.appcore.dll
0x00007ffb1aeb0000 - 0x00007ffb1b706000 	C:\WINDOWS\SYSTEM32\windows.storage.dll
0x00007ffb1ad70000 - 0x00007ffb1aeac000 	C:\WINDOWS\SYSTEM32\wintypes.dll
0x00007ffb1ea50000 - 0x00007ffb1eb41000 	C:\WINDOWS\System32\SHCORE.dll
0x00007ffb1e330000 - 0x00007ffb1e38b000 	C:\WINDOWS\System32\shlwapi.dll
0x00007ffb1cdb0000 - 0x00007ffb1cdd1000 	C:\WINDOWS\SYSTEM32\profapi.dll
0x00007ffb1c350000 - 0x00007ffb1c3b9000 	C:\WINDOWS\system32\mswsock.dll

dbghelp: loaded successfully - version: 4.0.5 - missing functions: none
symbol engine: initialized successfully - sym options: 0x614 - pdb path: .;D:\Users\jeuxj\Documents\Source Projects Dev\NovelRT\src\NovelRT.Java\sample-kotlin\build\image;C:\WINDOWS\SYSTEM32;D:\Users\jeuxj\Documents\Source Projects Dev\NovelRT\src\NovelRT.Java\sample-kotlin\build\image\bin\server;D:\Users\jeuxj\Documents\Source Projects Dev\NovelRT\src\NovelRT.Java\sample-kotlin\build\image\bin

VM Arguments:
jvm_args: -Djdk.module.main=novelrt.sample.kotlin -Djava.io.tmpdir=D:\Users\jeuxj\Documents\Source Projects Dev\NovelRT\src\NovelRT.Java\sample-kotlin\build\temp -Dfile.encoding=UTF-8 -Djava.rmi.server.hostname=localhost 
java_command: <unknown>
java_class_path (initial): <not set>
Launcher Type: generic

[Global flags]
     intx CICompilerCount                          = 12                                        {product} {ergonomic}
     uint ConcGCThreads                            = 3                                         {product} {ergonomic}
     uint G1ConcRefinementThreads                  = 13                                        {product} {ergonomic}
   size_t G1HeapRegionSize                         = 4194304                                   {product} {ergonomic}
    uintx GCDrainStackTargetSize                   = 64                                        {product} {ergonomic}
   size_t InitialHeapSize                          = 536870912                                 {product} {ergonomic}
   size_t MarkStackSize                            = 4194304                                   {product} {ergonomic}
   size_t MaxHeapSize                              = 8573157376                                {product} {ergonomic}
   size_t MaxNewSize                               = 5142216704                                {product} {ergonomic}
   size_t MinHeapDeltaBytes                        = 4194304                                   {product} {ergonomic}
   size_t MinHeapSize                              = 8388608                                   {product} {ergonomic}
    uintx NonNMethodCodeHeapSize                   = 7602480                                {pd product} {ergonomic}
    uintx NonProfiledCodeHeapSize                  = 122027880                              {pd product} {ergonomic}
    uintx ProfiledCodeHeapSize                     = 122027880                              {pd product} {ergonomic}
    uintx ReservedCodeCacheSize                    = 251658240                              {pd product} {ergonomic}
     bool SegmentedCodeCache                       = true                                      {product} {ergonomic}
   size_t SoftMaxHeapSize                          = 8573157376                             {manageable} {ergonomic}
     bool UseCompressedClassPointers               = true                                 {lp64_product} {ergonomic}
     bool UseCompressedOops                        = true                                 {lp64_product} {ergonomic}
     bool UseG1GC                                  = true                                      {product} {ergonomic}
     bool UseLargePagesIndividualAllocation        = false                                  {pd product} {ergonomic}

Logging:
Log output configuration:
 #0: stdout all=warning uptime,level,tags
 #1: stderr all=off uptime,level,tags

Environment Variables:
JAVA_HOME=C:\Program Files\Eclipse Adoptium\jdk-17.0.1.12-hotspot\
PATH=D:\Users\jeuxj\Documents\Source Projects Dev\NovelRT\src\NovelRT.Java\sample-kotlin\build\image\bin\server;D:\Users\jeuxj\Documents\Source Projects Dev\NovelRT\src\NovelRT.Java\sample-kotlin\build\image\bin;C:\Program Files\Eclipse Adoptium\jdk-17.0.1.12-hotspot\bin;D:\Users\jeuxj\Documents\SourceProjectDev\devkitPro\msys2\usr\bin;C:\Program Files (x86)\Common Files\Intel\Shared Libraries\redist\intel64\compiler;C:\Windows\System32;C:\Windows;C:\Windows\System32\wbem;C:\Windows\System32\WindowsPowerShell\v1.0\;C:\Program Files\Intel\WiFi\bin\;C:\Program Files\Common Files\Intel\WirelessCommon\;C:\Program Files (x86)\NVIDIA Corporation\PhysX\Common;C:\Windows\System32\OpenSSH\;C:\Program Files\Microsoft SQL Server\130\Tools\Binn\;D:\Program Files\Druide\Antidote 8\Programmes64\;D:\Program Files\Druide\Antidote 8\Programmes32\;C:\Program Files\NVIDIA Corporation\NVIDIA NvDLISR;D:\Program Files\PuTTY\;D:\Program Files\Microsoft VS Code\bin;C:\Program Files (x86)\Microsoft SQL Server\150\DTS\Binn\;C:\xampp\php;C:\ProgramData\ComposerSetup\bin;C:\Program Files\Java\jdk-16\bin;C:\Program Files (x86)\Common Files\Oracle\Java\javapath;C:\Program Files\CMake\bin;D:\Program Files (x86)\GnuPG\bin;D;C:\Program Files\nodejs\;D:\Program Files\Kubernetes\Minikube;C:\ProgramData\chocolatey\bin;C:\Program Files\Azure Data Studio\bin;D:\Program Files (x86)\dotnet-core-uninstall\;C:\WINDOWS\system32;C:\WINDOWS;C:\WINDOWS\System32\Wbem;C:\WINDOWS\System32\WindowsPowerShell\v1.0\;C:\WINDOWS\System32\OpenSSH\;D:\Program Files\Git\cmd;;C:\Program Files\Microsoft SQL Server\140\Tools\Binn\;C:\Program Files\Microsoft SQL Server\150\Tools\Binn\;C:\Program Files\dotnet\;C:\Program Files\Microsoft SQL Server\Client SDK\ODBC\170\Tools\Binn\;C:\WINDOWS\system32;C:\WINDOWS;C:\WINDOWS\System32\Wbem;C:\WINDOWS\System32\WindowsPowerShell\v1.0\;C:\WINDOWS\System32\OpenSSH\;C:\Program Files\Docker\Docker\resources\bin;C:\ProgramData\DockerDesktop\version-bin;C:\Users\jeuxj\AppData\Local\Microsoft\Wi
USERNAME=jeuxj
OS=Windows_NT
PROCESSOR_IDENTIFIER=AMD64 Family 23 Model 1 Stepping 1, AuthenticAMD



---------------  S Y S T E M  ---------------

OS:
 Windows 10 , 64 bit Build 22526 (10.0.22526.1000)
OS uptime: 0 days 13:13 hours
HyperV virtualization detected

CPU: total 16 (initial active 16) (16 cores per cpu, 2 threads per core) family 23 model 1 stepping 1, cmov, cx8, fxsr, mmx, sse, sse2, sse3, ssse3, sse4.1, sse4.2, popcnt, vzeroupper, avx, avx2, aes, clmul, 3dnowpref, lzcnt, sse4a, ht, tsc, tscinvbit, tscinv, bmi1, bmi2, adx, sha, fma, clflush, clflushopt

Memory: 4k page, system-wide physical 32702M (14470M free)
TotalPageFile size 40126M (AvailPageFile size 17351M)
current process WorkingSet (physical memory assigned to process): 33M, peak: 34M
current process commit charge ("private bytes"): 616M, peak: 618M

vm_info: OpenJDK 64-Bit Server VM (15+36-1562) for windows-amd64 JRE (15+36-1562), built on Aug 11 2020 22:33:04 by "mach5one" with unknown MS VC++:1925

END.
